02-May-2024 08:30:49.555 INFORMAÇÕES [main] org.apache.catalina.startup.VersionLoggerListener.log Server version name:   Apache Tomcat/8.5.100
02-May-2024 08:30:49.572 INFORMAÇÕES [main] org.apache.catalina.startup.VersionLoggerListener.log Server built:          Mar 19 2024 13:54:42 UTC
02-May-2024 08:30:49.572 INFORMAÇÕES [main] org.apache.catalina.startup.VersionLoggerListener.log Server version number: 8.5.100.0
02-May-2024 08:30:49.573 INFORMAÇÕES [main] org.apache.catalina.startup.VersionLoggerListener.log OS Name:               Linux
02-May-2024 08:30:49.573 INFORMAÇÕES [main] org.apache.catalina.startup.VersionLoggerListener.log OS Version:            6.8.0-31-generic
02-May-2024 08:30:49.573 INFORMAÇÕES [main] org.apache.catalina.startup.VersionLoggerListener.log Architecture:          amd64
02-May-2024 08:30:49.573 INFORMAÇÕES [main] org.apache.catalina.startup.VersionLoggerListener.log Java Home:             /usr/lib/jvm/java-17-openjdk-amd64
02-May-2024 08:30:49.573 INFORMAÇÕES [main] org.apache.catalina.startup.VersionLoggerListener.log JVM Version:           17.0.11+9-Ubuntu-1
02-May-2024 08:30:49.574 INFORMAÇÕES [main] org.apache.catalina.startup.VersionLoggerListener.log JVM Vendor:            Ubuntu
02-May-2024 08:30:49.574 INFORMAÇÕES [main] org.apache.catalina.startup.VersionLoggerListener.log CATALINA_BASE:         /home/jhonatan-silva/faculdade/INTRO-DEV-WEB-TRABALHO/wp-web/apache-tomcat-8.5.100
02-May-2024 08:30:49.574 INFORMAÇÕES [main] org.apache.catalina.startup.VersionLoggerListener.log CATALINA_HOME:         /home/jhonatan-silva/faculdade/INTRO-DEV-WEB-TRABALHO/wp-web/apache-tomcat-8.5.100
02-May-2024 08:30:49.583 INFORMAÇÕES [main] org.apache.catalina.startup.VersionLoggerListener.log Command line argument: --add-opens=java.base/java.lang=ALL-UNNAMED
02-May-2024 08:30:49.584 INFORMAÇÕES [main] org.apache.catalina.startup.VersionLoggerListener.log Command line argument: --add-opens=java.base/java.io=ALL-UNNAMED
02-May-2024 08:30:49.584 INFORMAÇÕES [main] org.apache.catalina.startup.VersionLoggerListener.log Command line argument: --add-opens=java.base/java.util=ALL-UNNAMED
02-May-2024 08:30:49.584 INFORMAÇÕES [main] org.apache.catalina.startup.VersionLoggerListener.log Command line argument: --add-opens=java.base/java.util.concurrent=ALL-UNNAMED
02-May-2024 08:30:49.584 INFORMAÇÕES [main] org.apache.catalina.startup.VersionLoggerListener.log Command line argument: --add-opens=java.rmi/sun.rmi.transport=ALL-UNNAMED
02-May-2024 08:30:49.584 INFORMAÇÕES [main] org.apache.catalina.startup.VersionLoggerListener.log Command line argument: -Djava.util.logging.config.file=/home/jhonatan-silva/faculdade/INTRO-DEV-WEB-TRABALHO/wp-web/apache-tomcat-8.5.100/conf/logging.properties
02-May-2024 08:30:49.584 INFORMAÇÕES [main] org.apache.catalina.startup.VersionLoggerListener.log Command line argument: -Djava.util.logging.manager=org.apache.juli.ClassLoaderLogManager
02-May-2024 08:30:49.584 INFORMAÇÕES [main] org.apache.catalina.startup.VersionLoggerListener.log Command line argument: -Dhttp.nonProxyHosts=localhost|127.0.0.1|note-ubuntu
02-May-2024 08:30:49.585 INFORMAÇÕES [main] org.apache.catalina.startup.VersionLoggerListener.log Command line argument: -Djdk.tls.ephemeralDHKeySize=2048
02-May-2024 08:30:49.585 INFORMAÇÕES [main] org.apache.catalina.startup.VersionLoggerListener.log Command line argument: -Djava.protocol.handler.pkgs=org.apache.catalina.webresources
02-May-2024 08:30:49.585 INFORMAÇÕES [main] org.apache.catalina.startup.VersionLoggerListener.log Command line argument: -Dorg.apache.catalina.security.SecurityListener.UMASK=0027
02-May-2024 08:30:49.585 INFORMAÇÕES [main] org.apache.catalina.startup.VersionLoggerListener.log Command line argument: -Dignore.endorsed.dirs=
02-May-2024 08:30:49.585 INFORMAÇÕES [main] org.apache.catalina.startup.VersionLoggerListener.log Command line argument: -Dcatalina.base=/home/jhonatan-silva/faculdade/INTRO-DEV-WEB-TRABALHO/wp-web/apache-tomcat-8.5.100
02-May-2024 08:30:49.585 INFORMAÇÕES [main] org.apache.catalina.startup.VersionLoggerListener.log Command line argument: -Dcatalina.home=/home/jhonatan-silva/faculdade/INTRO-DEV-WEB-TRABALHO/wp-web/apache-tomcat-8.5.100
02-May-2024 08:30:49.586 INFORMAÇÕES [main] org.apache.catalina.startup.VersionLoggerListener.log Command line argument: -Djava.io.tmpdir=/home/jhonatan-silva/faculdade/INTRO-DEV-WEB-TRABALHO/wp-web/apache-tomcat-8.5.100/temp
02-May-2024 08:30:49.586 INFORMAÇÕES [main] org.apache.catalina.core.AprLifecycleListener.lifecycleEvent The Apache Tomcat Native library which allows using OpenSSL was not found on the java.library.path: [/usr/java/packages/lib:/usr/lib/x86_64-linux-gnu/jni:/lib/x86_64-linux-gnu:/usr/lib/x86_64-linux-gnu:/usr/lib/jni:/lib:/usr/lib]
02-May-2024 08:30:49.753 INFORMAÇÕES [main] org.apache.coyote.AbstractProtocol.init Initializing ProtocolHandler ["http-nio-8080"]
02-May-2024 08:30:49.854 INFORMAÇÕES [main] org.apache.catalina.startup.Catalina.load Initialization processed in 1718 ms
02-May-2024 08:30:49.982 INFORMAÇÕES [main] org.apache.catalina.core.StandardService.startInternal Starting service [Catalina]
02-May-2024 08:30:49.982 INFORMAÇÕES [main] org.apache.catalina.core.StandardEngine.startInternal Starting Servlet engine: [Apache Tomcat/8.5.100]
02-May-2024 08:30:49.996 INFORMAÇÕES [localhost-startStop-1] org.apache.catalina.startup.HostConfig.deployDescriptor Deploying deployment descriptor [/home/jhonatan-silva/faculdade/INTRO-DEV-WEB-TRABALHO/wp-web/apache-tomcat-8.5.100/conf/Catalina/localhost/encaminharIMCAtributo.xml]
02-May-2024 08:30:50.057 ADVERTÊNCIA [localhost-startStop-1] org.apache.catalina.startup.HostConfig.deployDescriptor The path attribute with value [/encaminharIMCAtributo] in deployment descriptor [/home/jhonatan-silva/faculdade/INTRO-DEV-WEB-TRABALHO/wp-web/apache-tomcat-8.5.100/conf/Catalina/localhost/encaminharIMCAtributo.xml] has been ignored
02-May-2024 08:30:50.808 INFORMAÇÕES [localhost-startStop-1] org.apache.catalina.startup.HostConfig.deployDescriptor Deployment of deployment descriptor [/home/jhonatan-silva/faculdade/INTRO-DEV-WEB-TRABALHO/wp-web/apache-tomcat-8.5.100/conf/Catalina/localhost/encaminharIMCAtributo.xml] has finished in [811] ms
02-May-2024 08:30:50.809 INFORMAÇÕES [localhost-startStop-1] org.apache.catalina.startup.HostConfig.deployDescriptor Deploying deployment descriptor [/home/jhonatan-silva/faculdade/INTRO-DEV-WEB-TRABALHO/wp-web/apache-tomcat-8.5.100/conf/Catalina/localhost/AloMundo.xml]
02-May-2024 08:30:50.810 ADVERTÊNCIA [localhost-startStop-1] org.apache.catalina.startup.HostConfig.deployDescriptor The path attribute with value [/AloMundo] in deployment descriptor [/home/jhonatan-silva/faculdade/INTRO-DEV-WEB-TRABALHO/wp-web/apache-tomcat-8.5.100/conf/Catalina/localhost/AloMundo.xml] has been ignored
02-May-2024 08:30:50.863 INFORMAÇÕES [localhost-startStop-1] org.apache.catalina.startup.HostConfig.deployDescriptor Deployment of deployment descriptor [/home/jhonatan-silva/faculdade/INTRO-DEV-WEB-TRABALHO/wp-web/apache-tomcat-8.5.100/conf/Catalina/localhost/AloMundo.xml] has finished in [55] ms
02-May-2024 08:30:50.864 INFORMAÇÕES [localhost-startStop-1] org.apache.catalina.startup.HostConfig.deployDescriptor Deploying deployment descriptor [/home/jhonatan-silva/faculdade/INTRO-DEV-WEB-TRABALHO/wp-web/apache-tomcat-8.5.100/conf/Catalina/localhost/ExemploGetePost.xml]
02-May-2024 08:30:50.866 ADVERTÊNCIA [localhost-startStop-1] org.apache.catalina.startup.HostConfig.deployDescriptor The path attribute with value [/ExemploGetePost] in deployment descriptor [/home/jhonatan-silva/faculdade/INTRO-DEV-WEB-TRABALHO/wp-web/apache-tomcat-8.5.100/conf/Catalina/localhost/ExemploGetePost.xml] has been ignored
02-May-2024 08:30:50.914 INFORMAÇÕES [localhost-startStop-1] org.apache.catalina.startup.HostConfig.deployDescriptor Deployment of deployment descriptor [/home/jhonatan-silva/faculdade/INTRO-DEV-WEB-TRABALHO/wp-web/apache-tomcat-8.5.100/conf/Catalina/localhost/ExemploGetePost.xml] has finished in [47] ms
02-May-2024 08:30:50.914 INFORMAÇÕES [localhost-startStop-1] org.apache.catalina.startup.HostConfig.deployDescriptor Deploying deployment descriptor [/home/jhonatan-silva/faculdade/INTRO-DEV-WEB-TRABALHO/wp-web/apache-tomcat-8.5.100/conf/Catalina/localhost/emcaminharAtributoObjeto.xml]
02-May-2024 08:30:50.918 ADVERTÊNCIA [localhost-startStop-1] org.apache.catalina.startup.HostConfig.deployDescriptor The path attribute with value [/emcaminharAtributoObjeto] in deployment descriptor [/home/jhonatan-silva/faculdade/INTRO-DEV-WEB-TRABALHO/wp-web/apache-tomcat-8.5.100/conf/Catalina/localhost/emcaminharAtributoObjeto.xml] has been ignored
02-May-2024 08:30:51.013 INFORMAÇÕES [localhost-startStop-1] org.apache.catalina.startup.HostConfig.deployDescriptor Deployment of deployment descriptor [/home/jhonatan-silva/faculdade/INTRO-DEV-WEB-TRABALHO/wp-web/apache-tomcat-8.5.100/conf/Catalina/localhost/emcaminharAtributoObjeto.xml] has finished in [98] ms
02-May-2024 08:30:51.016 INFORMAÇÕES [localhost-startStop-1] org.apache.catalina.startup.HostConfig.deployDescriptor Deploying deployment descriptor [/home/jhonatan-silva/faculdade/INTRO-DEV-WEB-TRABALHO/wp-web/apache-tomcat-8.5.100/conf/Catalina/localhost/ExemploGetParametros.xml]
02-May-2024 08:30:51.018 ADVERTÊNCIA [localhost-startStop-1] org.apache.catalina.startup.HostConfig.deployDescriptor The path attribute with value [/ExemploGetParametros] in deployment descriptor [/home/jhonatan-silva/faculdade/INTRO-DEV-WEB-TRABALHO/wp-web/apache-tomcat-8.5.100/conf/Catalina/localhost/ExemploGetParametros.xml] has been ignored
02-May-2024 08:30:51.067 INFORMAÇÕES [localhost-startStop-1] org.apache.catalina.startup.HostConfig.deployDescriptor Deployment of deployment descriptor [/home/jhonatan-silva/faculdade/INTRO-DEV-WEB-TRABALHO/wp-web/apache-tomcat-8.5.100/conf/Catalina/localhost/ExemploGetParametros.xml] has finished in [50] ms
02-May-2024 08:30:51.070 INFORMAÇÕES [localhost-startStop-1] org.apache.catalina.startup.HostConfig.deployDescriptor Deploying deployment descriptor [/home/jhonatan-silva/faculdade/INTRO-DEV-WEB-TRABALHO/wp-web/apache-tomcat-8.5.100/conf/Catalina/localhost/ExemploGet.xml]
02-May-2024 08:30:51.071 ADVERTÊNCIA [localhost-startStop-1] org.apache.catalina.startup.HostConfig.deployDescriptor The path attribute with value [/ExemploGet] in deployment descriptor [/home/jhonatan-silva/faculdade/INTRO-DEV-WEB-TRABALHO/wp-web/apache-tomcat-8.5.100/conf/Catalina/localhost/ExemploGet.xml] has been ignored
02-May-2024 08:30:51.142 INFORMAÇÕES [localhost-startStop-1] org.apache.catalina.startup.HostConfig.deployDescriptor Deployment of deployment descriptor [/home/jhonatan-silva/faculdade/INTRO-DEV-WEB-TRABALHO/wp-web/apache-tomcat-8.5.100/conf/Catalina/localhost/ExemploGet.xml] has finished in [72] ms
02-May-2024 08:30:51.142 INFORMAÇÕES [localhost-startStop-1] org.apache.catalina.startup.HostConfig.deployDescriptor Deploying deployment descriptor [/home/jhonatan-silva/faculdade/INTRO-DEV-WEB-TRABALHO/wp-web/apache-tomcat-8.5.100/conf/Catalina/localhost/encaminharIMC.xml]
02-May-2024 08:30:51.149 ADVERTÊNCIA [localhost-startStop-1] org.apache.catalina.startup.HostConfig.deployDescriptor The path attribute with value [/encaminharIMC] in deployment descriptor [/home/jhonatan-silva/faculdade/INTRO-DEV-WEB-TRABALHO/wp-web/apache-tomcat-8.5.100/conf/Catalina/localhost/encaminharIMC.xml] has been ignored
02-May-2024 08:30:51.231 INFORMAÇÕES [localhost-startStop-1] org.apache.catalina.startup.HostConfig.deployDescriptor Deployment of deployment descriptor [/home/jhonatan-silva/faculdade/INTRO-DEV-WEB-TRABALHO/wp-web/apache-tomcat-8.5.100/conf/Catalina/localhost/encaminharIMC.xml] has finished in [89] ms
02-May-2024 08:30:51.232 INFORMAÇÕES [localhost-startStop-1] org.apache.catalina.startup.HostConfig.deployDescriptor Deploying deployment descriptor [/home/jhonatan-silva/faculdade/INTRO-DEV-WEB-TRABALHO/wp-web/apache-tomcat-8.5.100/conf/Catalina/localhost/ExemploDuplaFuncao.xml]
02-May-2024 08:30:51.236 ADVERTÊNCIA [localhost-startStop-1] org.apache.catalina.startup.HostConfig.deployDescriptor The path attribute with value [/ExemploDuplaFuncao] in deployment descriptor [/home/jhonatan-silva/faculdade/INTRO-DEV-WEB-TRABALHO/wp-web/apache-tomcat-8.5.100/conf/Catalina/localhost/ExemploDuplaFuncao.xml] has been ignored
02-May-2024 08:30:51.318 INFORMAÇÕES [localhost-startStop-1] org.apache.catalina.startup.HostConfig.deployDescriptor Deployment of deployment descriptor [/home/jhonatan-silva/faculdade/INTRO-DEV-WEB-TRABALHO/wp-web/apache-tomcat-8.5.100/conf/Catalina/localhost/ExemploDuplaFuncao.xml] has finished in [86] ms
02-May-2024 08:30:51.319 INFORMAÇÕES [localhost-startStop-1] org.apache.catalina.startup.HostConfig.deployDescriptor Deploying deployment descriptor [/home/jhonatan-silva/faculdade/INTRO-DEV-WEB-TRABALHO/wp-web/apache-tomcat-8.5.100/conf/Catalina/localhost/encaminharAtributoObjeto.xml]
02-May-2024 08:30:51.320 ADVERTÊNCIA [localhost-startStop-1] org.apache.catalina.startup.HostConfig.deployDescriptor The path attribute with value [/encaminharAtributoObjeto] in deployment descriptor [/home/jhonatan-silva/faculdade/INTRO-DEV-WEB-TRABALHO/wp-web/apache-tomcat-8.5.100/conf/Catalina/localhost/encaminharAtributoObjeto.xml] has been ignored
02-May-2024 08:30:51.382 INFORMAÇÕES [localhost-startStop-1] org.apache.catalina.startup.HostConfig.deployDescriptor Deployment of deployment descriptor [/home/jhonatan-silva/faculdade/INTRO-DEV-WEB-TRABALHO/wp-web/apache-tomcat-8.5.100/conf/Catalina/localhost/encaminharAtributoObjeto.xml] has finished in [64] ms
02-May-2024 08:30:51.382 INFORMAÇÕES [localhost-startStop-1] org.apache.catalina.startup.HostConfig.deployDescriptor Deploying deployment descriptor [/home/jhonatan-silva/faculdade/INTRO-DEV-WEB-TRABALHO/wp-web/apache-tomcat-8.5.100/conf/Catalina/localhost/ExemploPost.xml]
02-May-2024 08:30:51.384 ADVERTÊNCIA [localhost-startStop-1] org.apache.catalina.startup.HostConfig.deployDescriptor The path attribute with value [/ExemploPost] in deployment descriptor [/home/jhonatan-silva/faculdade/INTRO-DEV-WEB-TRABALHO/wp-web/apache-tomcat-8.5.100/conf/Catalina/localhost/ExemploPost.xml] has been ignored
02-May-2024 08:30:51.411 INFORMAÇÕES [localhost-startStop-1] org.apache.catalina.startup.HostConfig.deployDescriptor Deployment of deployment descriptor [/home/jhonatan-silva/faculdade/INTRO-DEV-WEB-TRABALHO/wp-web/apache-tomcat-8.5.100/conf/Catalina/localhost/ExemploPost.xml] has finished in [29] ms
02-May-2024 08:30:51.412 INFORMAÇÕES [localhost-startStop-1] org.apache.catalina.startup.HostConfig.deployDirectory Deploying web application directory [/home/jhonatan-silva/faculdade/INTRO-DEV-WEB-TRABALHO/wp-web/apache-tomcat-8.5.100/webapps/host-manager]
02-May-2024 08:30:51.477 INFORMAÇÕES [localhost-startStop-1] org.apache.catalina.startup.HostConfig.deployDirectory Deployment of web application directory [/home/jhonatan-silva/faculdade/INTRO-DEV-WEB-TRABALHO/wp-web/apache-tomcat-8.5.100/webapps/host-manager] has finished in [65] ms
02-May-2024 08:30:51.477 INFORMAÇÕES [localhost-startStop-1] org.apache.catalina.startup.HostConfig.deployDirectory Deploying web application directory [/home/jhonatan-silva/faculdade/INTRO-DEV-WEB-TRABALHO/wp-web/apache-tomcat-8.5.100/webapps/manager]
02-May-2024 08:30:51.507 INFORMAÇÕES [localhost-startStop-1] org.apache.catalina.startup.HostConfig.deployDirectory Deployment of web application directory [/home/jhonatan-silva/faculdade/INTRO-DEV-WEB-TRABALHO/wp-web/apache-tomcat-8.5.100/webapps/manager] has finished in [30] ms
02-May-2024 08:30:51.507 INFORMAÇÕES [localhost-startStop-1] org.apache.catalina.startup.HostConfig.deployDirectory Deploying web application directory [/home/jhonatan-silva/faculdade/INTRO-DEV-WEB-TRABALHO/wp-web/apache-tomcat-8.5.100/webapps/examples]
02-May-2024 08:30:51.892 INFORMAÇÕES [localhost-startStop-1] org.apache.catalina.startup.HostConfig.deployDirectory Deployment of web application directory [/home/jhonatan-silva/faculdade/INTRO-DEV-WEB-TRABALHO/wp-web/apache-tomcat-8.5.100/webapps/examples] has finished in [385] ms
02-May-2024 08:30:51.892 INFORMAÇÕES [localhost-startStop-1] org.apache.catalina.startup.HostConfig.deployDirectory Deploying web application directory [/home/jhonatan-silva/faculdade/INTRO-DEV-WEB-TRABALHO/wp-web/apache-tomcat-8.5.100/webapps/ROOT]
02-May-2024 08:30:51.935 INFORMAÇÕES [localhost-startStop-1] org.apache.catalina.startup.HostConfig.deployDirectory Deployment of web application directory [/home/jhonatan-silva/faculdade/INTRO-DEV-WEB-TRABALHO/wp-web/apache-tomcat-8.5.100/webapps/ROOT] has finished in [42] ms
02-May-2024 08:30:51.935 INFORMAÇÕES [localhost-startStop-1] org.apache.catalina.startup.HostConfig.deployDirectory Deploying web application directory [/home/jhonatan-silva/faculdade/INTRO-DEV-WEB-TRABALHO/wp-web/apache-tomcat-8.5.100/webapps/docs]
02-May-2024 08:30:51.989 INFORMAÇÕES [localhost-startStop-1] org.apache.catalina.startup.HostConfig.deployDirectory Deployment of web application directory [/home/jhonatan-silva/faculdade/INTRO-DEV-WEB-TRABALHO/wp-web/apache-tomcat-8.5.100/webapps/docs] has finished in [54] ms
02-May-2024 08:30:52.004 INFORMAÇÕES [main] org.apache.coyote.AbstractProtocol.start Starting ProtocolHandler ["http-nio-8080"]
02-May-2024 08:30:52.081 INFORMAÇÕES [main] org.apache.catalina.startup.Catalina.start Server startup in 2227 ms
02-May-2024 08:35:31.748 INFORMAÇÕES [main] org.apache.catalina.core.StandardServer.await A valid shutdown command was received via the shutdown port. Stopping the Server instance.
02-May-2024 08:35:31.749 INFORMAÇÕES [main] org.apache.coyote.AbstractProtocol.pause Pausing ProtocolHandler ["http-nio-8080"]
02-May-2024 08:35:31.753 INFORMAÇÕES [main] org.apache.catalina.core.StandardService.stopInternal Stopping service [Catalina]
02-May-2024 08:35:31.850 INFORMAÇÕES [main] org.apache.coyote.AbstractProtocol.stop Stopping ProtocolHandler ["http-nio-8080"]
02-May-2024 08:35:31.861 INFORMAÇÕES [main] org.apache.coyote.AbstractProtocol.destroy Destroying ProtocolHandler ["http-nio-8080"]
