09-Jun-2024 18:34:38.017 INFORMAÇÕES [main] org.apache.catalina.startup.VersionLoggerListener.log Server version name:   Apache Tomcat/8.5.100
09-Jun-2024 18:34:38.021 INFORMAÇÕES [main] org.apache.catalina.startup.VersionLoggerListener.log Server built:          Mar 19 2024 13:54:42 UTC
09-Jun-2024 18:34:38.022 INFORMAÇÕES [main] org.apache.catalina.startup.VersionLoggerListener.log Server version number: 8.5.100.0
09-Jun-2024 18:34:38.022 INFORMAÇÕES [main] org.apache.catalina.startup.VersionLoggerListener.log OS Name:               Linux
09-Jun-2024 18:34:38.022 INFORMAÇÕES [main] org.apache.catalina.startup.VersionLoggerListener.log OS Version:            6.8.0-35-generic
09-Jun-2024 18:34:38.022 INFORMAÇÕES [main] org.apache.catalina.startup.VersionLoggerListener.log Architecture:          amd64
09-Jun-2024 18:34:38.022 INFORMAÇÕES [main] org.apache.catalina.startup.VersionLoggerListener.log Java Home:             /usr/lib/jvm/java-17-openjdk-amd64
09-Jun-2024 18:34:38.023 INFORMAÇÕES [main] org.apache.catalina.startup.VersionLoggerListener.log JVM Version:           17.0.11+9-Ubuntu-1
09-Jun-2024 18:34:38.023 INFORMAÇÕES [main] org.apache.catalina.startup.VersionLoggerListener.log JVM Vendor:            Ubuntu
09-Jun-2024 18:34:38.023 INFORMAÇÕES [main] org.apache.catalina.startup.VersionLoggerListener.log CATALINA_BASE:         /home/jhonatan-silva/faculdade/INTRO-DEV-WEB-TRABALHO/wp-web/apache-tomcat-8.5.100
09-Jun-2024 18:34:38.023 INFORMAÇÕES [main] org.apache.catalina.startup.VersionLoggerListener.log CATALINA_HOME:         /home/jhonatan-silva/faculdade/INTRO-DEV-WEB-TRABALHO/wp-web/apache-tomcat-8.5.100
09-Jun-2024 18:34:38.025 INFORMAÇÕES [main] org.apache.catalina.startup.VersionLoggerListener.log Command line argument: --add-opens=java.base/java.lang=ALL-UNNAMED
09-Jun-2024 18:34:38.025 INFORMAÇÕES [main] org.apache.catalina.startup.VersionLoggerListener.log Command line argument: --add-opens=java.base/java.io=ALL-UNNAMED
09-Jun-2024 18:34:38.025 INFORMAÇÕES [main] org.apache.catalina.startup.VersionLoggerListener.log Command line argument: --add-opens=java.base/java.util=ALL-UNNAMED
09-Jun-2024 18:34:38.025 INFORMAÇÕES [main] org.apache.catalina.startup.VersionLoggerListener.log Command line argument: --add-opens=java.base/java.util.concurrent=ALL-UNNAMED
09-Jun-2024 18:34:38.025 INFORMAÇÕES [main] org.apache.catalina.startup.VersionLoggerListener.log Command line argument: --add-opens=java.rmi/sun.rmi.transport=ALL-UNNAMED
09-Jun-2024 18:34:38.025 INFORMAÇÕES [main] org.apache.catalina.startup.VersionLoggerListener.log Command line argument: -Djava.util.logging.config.file=/home/jhonatan-silva/faculdade/INTRO-DEV-WEB-TRABALHO/wp-web/apache-tomcat-8.5.100/conf/logging.properties
09-Jun-2024 18:34:38.026 INFORMAÇÕES [main] org.apache.catalina.startup.VersionLoggerListener.log Command line argument: -Djava.util.logging.manager=org.apache.juli.ClassLoaderLogManager
09-Jun-2024 18:34:38.026 INFORMAÇÕES [main] org.apache.catalina.startup.VersionLoggerListener.log Command line argument: -Dhttp.nonProxyHosts=localhost|127.0.0.1|note-ubuntu
09-Jun-2024 18:34:38.026 INFORMAÇÕES [main] org.apache.catalina.startup.VersionLoggerListener.log Command line argument: -Djdk.tls.ephemeralDHKeySize=2048
09-Jun-2024 18:34:38.026 INFORMAÇÕES [main] org.apache.catalina.startup.VersionLoggerListener.log Command line argument: -Djava.protocol.handler.pkgs=org.apache.catalina.webresources
09-Jun-2024 18:34:38.026 INFORMAÇÕES [main] org.apache.catalina.startup.VersionLoggerListener.log Command line argument: -Dorg.apache.catalina.security.SecurityListener.UMASK=0027
09-Jun-2024 18:34:38.026 INFORMAÇÕES [main] org.apache.catalina.startup.VersionLoggerListener.log Command line argument: -Dignore.endorsed.dirs=
09-Jun-2024 18:34:38.026 INFORMAÇÕES [main] org.apache.catalina.startup.VersionLoggerListener.log Command line argument: -Dcatalina.base=/home/jhonatan-silva/faculdade/INTRO-DEV-WEB-TRABALHO/wp-web/apache-tomcat-8.5.100
09-Jun-2024 18:34:38.027 INFORMAÇÕES [main] org.apache.catalina.startup.VersionLoggerListener.log Command line argument: -Dcatalina.home=/home/jhonatan-silva/faculdade/INTRO-DEV-WEB-TRABALHO/wp-web/apache-tomcat-8.5.100
09-Jun-2024 18:34:38.027 INFORMAÇÕES [main] org.apache.catalina.startup.VersionLoggerListener.log Command line argument: -Djava.io.tmpdir=/home/jhonatan-silva/faculdade/INTRO-DEV-WEB-TRABALHO/wp-web/apache-tomcat-8.5.100/temp
09-Jun-2024 18:34:38.027 INFORMAÇÕES [main] org.apache.catalina.core.AprLifecycleListener.lifecycleEvent The Apache Tomcat Native library which allows using OpenSSL was not found on the java.library.path: [/usr/java/packages/lib:/usr/lib/x86_64-linux-gnu/jni:/lib/x86_64-linux-gnu:/usr/lib/x86_64-linux-gnu:/usr/lib/jni:/lib:/usr/lib]
09-Jun-2024 18:34:38.107 INFORMAÇÕES [main] org.apache.coyote.AbstractProtocol.init Initializing ProtocolHandler ["http-nio-8080"]
09-Jun-2024 18:34:38.156 INFORMAÇÕES [main] org.apache.catalina.startup.Catalina.load Initialization processed in 980 ms
09-Jun-2024 18:34:38.247 INFORMAÇÕES [main] org.apache.catalina.core.StandardService.startInternal Starting service [Catalina]
09-Jun-2024 18:34:38.247 INFORMAÇÕES [main] org.apache.catalina.core.StandardEngine.startInternal Starting Servlet engine: [Apache Tomcat/8.5.100]
09-Jun-2024 18:34:38.260 INFORMAÇÕES [localhost-startStop-1] org.apache.catalina.startup.HostConfig.deployDescriptor Deploying deployment descriptor [/home/jhonatan-silva/faculdade/INTRO-DEV-WEB-TRABALHO/wp-web/apache-tomcat-8.5.100/conf/Catalina/localhost/encaminharIMCAtributo.xml]
09-Jun-2024 18:34:38.304 ADVERTÊNCIA [localhost-startStop-1] org.apache.catalina.startup.HostConfig.deployDescriptor The path attribute with value [/encaminharIMCAtributo] in deployment descriptor [/home/jhonatan-silva/faculdade/INTRO-DEV-WEB-TRABALHO/wp-web/apache-tomcat-8.5.100/conf/Catalina/localhost/encaminharIMCAtributo.xml] has been ignored
09-Jun-2024 18:34:38.845 INFORMAÇÕES [localhost-startStop-1] org.apache.catalina.startup.HostConfig.deployDescriptor Deployment of deployment descriptor [/home/jhonatan-silva/faculdade/INTRO-DEV-WEB-TRABALHO/wp-web/apache-tomcat-8.5.100/conf/Catalina/localhost/encaminharIMCAtributo.xml] has finished in [584] ms
09-Jun-2024 18:34:38.846 INFORMAÇÕES [localhost-startStop-1] org.apache.catalina.startup.HostConfig.deployDescriptor Deploying deployment descriptor [/home/jhonatan-silva/faculdade/INTRO-DEV-WEB-TRABALHO/wp-web/apache-tomcat-8.5.100/conf/Catalina/localhost/AloMundo.xml]
09-Jun-2024 18:34:38.847 ADVERTÊNCIA [localhost-startStop-1] org.apache.catalina.startup.HostConfig.deployDescriptor The path attribute with value [/AloMundo] in deployment descriptor [/home/jhonatan-silva/faculdade/INTRO-DEV-WEB-TRABALHO/wp-web/apache-tomcat-8.5.100/conf/Catalina/localhost/AloMundo.xml] has been ignored
09-Jun-2024 18:34:38.887 INFORMAÇÕES [localhost-startStop-1] org.apache.catalina.startup.HostConfig.deployDescriptor Deployment of deployment descriptor [/home/jhonatan-silva/faculdade/INTRO-DEV-WEB-TRABALHO/wp-web/apache-tomcat-8.5.100/conf/Catalina/localhost/AloMundo.xml] has finished in [41] ms
09-Jun-2024 18:34:38.887 INFORMAÇÕES [localhost-startStop-1] org.apache.catalina.startup.HostConfig.deployDescriptor Deploying deployment descriptor [/home/jhonatan-silva/faculdade/INTRO-DEV-WEB-TRABALHO/wp-web/apache-tomcat-8.5.100/conf/Catalina/localhost/ExemploGetePost.xml]
09-Jun-2024 18:34:38.889 ADVERTÊNCIA [localhost-startStop-1] org.apache.catalina.startup.HostConfig.deployDescriptor The path attribute with value [/ExemploGetePost] in deployment descriptor [/home/jhonatan-silva/faculdade/INTRO-DEV-WEB-TRABALHO/wp-web/apache-tomcat-8.5.100/conf/Catalina/localhost/ExemploGetePost.xml] has been ignored
09-Jun-2024 18:34:38.914 INFORMAÇÕES [localhost-startStop-1] org.apache.catalina.startup.HostConfig.deployDescriptor Deployment of deployment descriptor [/home/jhonatan-silva/faculdade/INTRO-DEV-WEB-TRABALHO/wp-web/apache-tomcat-8.5.100/conf/Catalina/localhost/ExemploGetePost.xml] has finished in [27] ms
09-Jun-2024 18:34:38.915 INFORMAÇÕES [localhost-startStop-1] org.apache.catalina.startup.HostConfig.deployDescriptor Deploying deployment descriptor [/home/jhonatan-silva/faculdade/INTRO-DEV-WEB-TRABALHO/wp-web/apache-tomcat-8.5.100/conf/Catalina/localhost/emcaminharAtributoObjeto.xml]
09-Jun-2024 18:34:38.916 ADVERTÊNCIA [localhost-startStop-1] org.apache.catalina.startup.HostConfig.deployDescriptor The path attribute with value [/emcaminharAtributoObjeto] in deployment descriptor [/home/jhonatan-silva/faculdade/INTRO-DEV-WEB-TRABALHO/wp-web/apache-tomcat-8.5.100/conf/Catalina/localhost/emcaminharAtributoObjeto.xml] has been ignored
09-Jun-2024 18:34:38.957 INFORMAÇÕES [localhost-startStop-1] org.apache.catalina.startup.HostConfig.deployDescriptor Deployment of deployment descriptor [/home/jhonatan-silva/faculdade/INTRO-DEV-WEB-TRABALHO/wp-web/apache-tomcat-8.5.100/conf/Catalina/localhost/emcaminharAtributoObjeto.xml] has finished in [42] ms
09-Jun-2024 18:34:38.958 INFORMAÇÕES [localhost-startStop-1] org.apache.catalina.startup.HostConfig.deployDescriptor Deploying deployment descriptor [/home/jhonatan-silva/faculdade/INTRO-DEV-WEB-TRABALHO/wp-web/apache-tomcat-8.5.100/conf/Catalina/localhost/ExemploGetParametros.xml]
09-Jun-2024 18:34:38.959 ADVERTÊNCIA [localhost-startStop-1] org.apache.catalina.startup.HostConfig.deployDescriptor The path attribute with value [/ExemploGetParametros] in deployment descriptor [/home/jhonatan-silva/faculdade/INTRO-DEV-WEB-TRABALHO/wp-web/apache-tomcat-8.5.100/conf/Catalina/localhost/ExemploGetParametros.xml] has been ignored
09-Jun-2024 18:34:39.020 INFORMAÇÕES [localhost-startStop-1] org.apache.catalina.startup.HostConfig.deployDescriptor Deployment of deployment descriptor [/home/jhonatan-silva/faculdade/INTRO-DEV-WEB-TRABALHO/wp-web/apache-tomcat-8.5.100/conf/Catalina/localhost/ExemploGetParametros.xml] has finished in [63] ms
09-Jun-2024 18:34:39.022 INFORMAÇÕES [localhost-startStop-1] org.apache.catalina.startup.HostConfig.deployDescriptor Deploying deployment descriptor [/home/jhonatan-silva/faculdade/INTRO-DEV-WEB-TRABALHO/wp-web/apache-tomcat-8.5.100/conf/Catalina/localhost/ExemploGet.xml]
09-Jun-2024 18:34:39.024 ADVERTÊNCIA [localhost-startStop-1] org.apache.catalina.startup.HostConfig.deployDescriptor The path attribute with value [/ExemploGet] in deployment descriptor [/home/jhonatan-silva/faculdade/INTRO-DEV-WEB-TRABALHO/wp-web/apache-tomcat-8.5.100/conf/Catalina/localhost/ExemploGet.xml] has been ignored
09-Jun-2024 18:34:39.081 INFORMAÇÕES [localhost-startStop-1] org.apache.catalina.startup.HostConfig.deployDescriptor Deployment of deployment descriptor [/home/jhonatan-silva/faculdade/INTRO-DEV-WEB-TRABALHO/wp-web/apache-tomcat-8.5.100/conf/Catalina/localhost/ExemploGet.xml] has finished in [59] ms
09-Jun-2024 18:34:39.084 INFORMAÇÕES [localhost-startStop-1] org.apache.catalina.startup.HostConfig.deployDescriptor Deploying deployment descriptor [/home/jhonatan-silva/faculdade/INTRO-DEV-WEB-TRABALHO/wp-web/apache-tomcat-8.5.100/conf/Catalina/localhost/encaminharIMC.xml]
09-Jun-2024 18:34:39.089 ADVERTÊNCIA [localhost-startStop-1] org.apache.catalina.startup.HostConfig.deployDescriptor The path attribute with value [/encaminharIMC] in deployment descriptor [/home/jhonatan-silva/faculdade/INTRO-DEV-WEB-TRABALHO/wp-web/apache-tomcat-8.5.100/conf/Catalina/localhost/encaminharIMC.xml] has been ignored
09-Jun-2024 18:34:39.148 INFORMAÇÕES [localhost-startStop-1] org.apache.catalina.startup.HostConfig.deployDescriptor Deployment of deployment descriptor [/home/jhonatan-silva/faculdade/INTRO-DEV-WEB-TRABALHO/wp-web/apache-tomcat-8.5.100/conf/Catalina/localhost/encaminharIMC.xml] has finished in [64] ms
09-Jun-2024 18:34:39.150 INFORMAÇÕES [localhost-startStop-1] org.apache.catalina.startup.HostConfig.deployDescriptor Deploying deployment descriptor [/home/jhonatan-silva/faculdade/INTRO-DEV-WEB-TRABALHO/wp-web/apache-tomcat-8.5.100/conf/Catalina/localhost/ExemploDuplaFuncao.xml]
09-Jun-2024 18:34:39.153 ADVERTÊNCIA [localhost-startStop-1] org.apache.catalina.startup.HostConfig.deployDescriptor The path attribute with value [/ExemploDuplaFuncao] in deployment descriptor [/home/jhonatan-silva/faculdade/INTRO-DEV-WEB-TRABALHO/wp-web/apache-tomcat-8.5.100/conf/Catalina/localhost/ExemploDuplaFuncao.xml] has been ignored
09-Jun-2024 18:34:39.200 INFORMAÇÕES [localhost-startStop-1] org.apache.catalina.startup.HostConfig.deployDescriptor Deployment of deployment descriptor [/home/jhonatan-silva/faculdade/INTRO-DEV-WEB-TRABALHO/wp-web/apache-tomcat-8.5.100/conf/Catalina/localhost/ExemploDuplaFuncao.xml] has finished in [51] ms
09-Jun-2024 18:34:39.201 INFORMAÇÕES [localhost-startStop-1] org.apache.catalina.startup.HostConfig.deployDescriptor Deploying deployment descriptor [/home/jhonatan-silva/faculdade/INTRO-DEV-WEB-TRABALHO/wp-web/apache-tomcat-8.5.100/conf/Catalina/localhost/encaminharAtributoObjeto.xml]
09-Jun-2024 18:34:39.203 ADVERTÊNCIA [localhost-startStop-1] org.apache.catalina.startup.HostConfig.deployDescriptor The path attribute with value [/encaminharAtributoObjeto] in deployment descriptor [/home/jhonatan-silva/faculdade/INTRO-DEV-WEB-TRABALHO/wp-web/apache-tomcat-8.5.100/conf/Catalina/localhost/encaminharAtributoObjeto.xml] has been ignored
09-Jun-2024 18:34:39.242 INFORMAÇÕES [localhost-startStop-1] org.apache.catalina.startup.HostConfig.deployDescriptor Deployment of deployment descriptor [/home/jhonatan-silva/faculdade/INTRO-DEV-WEB-TRABALHO/wp-web/apache-tomcat-8.5.100/conf/Catalina/localhost/encaminharAtributoObjeto.xml] has finished in [41] ms
09-Jun-2024 18:34:39.242 INFORMAÇÕES [localhost-startStop-1] org.apache.catalina.startup.HostConfig.deployDescriptor Deploying deployment descriptor [/home/jhonatan-silva/faculdade/INTRO-DEV-WEB-TRABALHO/wp-web/apache-tomcat-8.5.100/conf/Catalina/localhost/ExemploPost.xml]
09-Jun-2024 18:34:39.246 ADVERTÊNCIA [localhost-startStop-1] org.apache.catalina.startup.HostConfig.deployDescriptor The path attribute with value [/ExemploPost] in deployment descriptor [/home/jhonatan-silva/faculdade/INTRO-DEV-WEB-TRABALHO/wp-web/apache-tomcat-8.5.100/conf/Catalina/localhost/ExemploPost.xml] has been ignored
09-Jun-2024 18:34:39.289 INFORMAÇÕES [localhost-startStop-1] org.apache.catalina.startup.HostConfig.deployDescriptor Deployment of deployment descriptor [/home/jhonatan-silva/faculdade/INTRO-DEV-WEB-TRABALHO/wp-web/apache-tomcat-8.5.100/conf/Catalina/localhost/ExemploPost.xml] has finished in [45] ms
09-Jun-2024 18:34:39.297 INFORMAÇÕES [localhost-startStop-1] org.apache.catalina.startup.HostConfig.deployDirectory Deploying web application directory [/home/jhonatan-silva/faculdade/INTRO-DEV-WEB-TRABALHO/wp-web/apache-tomcat-8.5.100/webapps/host-manager]
09-Jun-2024 18:34:39.380 INFORMAÇÕES [localhost-startStop-1] org.apache.catalina.startup.HostConfig.deployDirectory Deployment of web application directory [/home/jhonatan-silva/faculdade/INTRO-DEV-WEB-TRABALHO/wp-web/apache-tomcat-8.5.100/webapps/host-manager] has finished in [83] ms
09-Jun-2024 18:34:39.381 INFORMAÇÕES [localhost-startStop-1] org.apache.catalina.startup.HostConfig.deployDirectory Deploying web application directory [/home/jhonatan-silva/faculdade/INTRO-DEV-WEB-TRABALHO/wp-web/apache-tomcat-8.5.100/webapps/manager]
09-Jun-2024 18:34:39.422 INFORMAÇÕES [localhost-startStop-1] org.apache.catalina.startup.HostConfig.deployDirectory Deployment of web application directory [/home/jhonatan-silva/faculdade/INTRO-DEV-WEB-TRABALHO/wp-web/apache-tomcat-8.5.100/webapps/manager] has finished in [40] ms
09-Jun-2024 18:34:39.422 INFORMAÇÕES [localhost-startStop-1] org.apache.catalina.startup.HostConfig.deployDirectory Deploying web application directory [/home/jhonatan-silva/faculdade/INTRO-DEV-WEB-TRABALHO/wp-web/apache-tomcat-8.5.100/webapps/examples]
09-Jun-2024 18:34:39.822 INFORMAÇÕES [localhost-startStop-1] org.apache.catalina.startup.HostConfig.deployDirectory Deployment of web application directory [/home/jhonatan-silva/faculdade/INTRO-DEV-WEB-TRABALHO/wp-web/apache-tomcat-8.5.100/webapps/examples] has finished in [399] ms
09-Jun-2024 18:34:39.822 INFORMAÇÕES [localhost-startStop-1] org.apache.catalina.startup.HostConfig.deployDirectory Deploying web application directory [/home/jhonatan-silva/faculdade/INTRO-DEV-WEB-TRABALHO/wp-web/apache-tomcat-8.5.100/webapps/ROOT]
09-Jun-2024 18:34:39.844 INFORMAÇÕES [localhost-startStop-1] org.apache.catalina.startup.HostConfig.deployDirectory Deployment of web application directory [/home/jhonatan-silva/faculdade/INTRO-DEV-WEB-TRABALHO/wp-web/apache-tomcat-8.5.100/webapps/ROOT] has finished in [22] ms
09-Jun-2024 18:34:39.844 INFORMAÇÕES [localhost-startStop-1] org.apache.catalina.startup.HostConfig.deployDirectory Deploying web application directory [/home/jhonatan-silva/faculdade/INTRO-DEV-WEB-TRABALHO/wp-web/apache-tomcat-8.5.100/webapps/docs]
09-Jun-2024 18:34:39.882 INFORMAÇÕES [localhost-startStop-1] org.apache.catalina.startup.HostConfig.deployDirectory Deployment of web application directory [/home/jhonatan-silva/faculdade/INTRO-DEV-WEB-TRABALHO/wp-web/apache-tomcat-8.5.100/webapps/docs] has finished in [38] ms
09-Jun-2024 18:34:39.895 INFORMAÇÕES [main] org.apache.coyote.AbstractProtocol.start Starting ProtocolHandler ["http-nio-8080"]
09-Jun-2024 18:34:39.935 INFORMAÇÕES [main] org.apache.catalina.startup.Catalina.start Server startup in 1778 ms
09-Jun-2024 18:34:42.346 INFORMAÇÕES [http-nio-8080-exec-1] org.apache.catalina.core.StandardContext.reload Reloading Context with name [/AloMundo] has started
09-Jun-2024 18:34:42.407 INFORMAÇÕES [http-nio-8080-exec-1] org.apache.catalina.core.StandardContext.reload Reloading Context with name [/AloMundo] is completed
09-Jun-2024 18:35:02.028 INFORMAÇÕES [main] org.apache.catalina.core.StandardServer.await A valid shutdown command was received via the shutdown port. Stopping the Server instance.
09-Jun-2024 18:35:02.029 INFORMAÇÕES [main] org.apache.coyote.AbstractProtocol.pause Pausing ProtocolHandler ["http-nio-8080"]
09-Jun-2024 18:35:02.032 INFORMAÇÕES [main] org.apache.catalina.core.StandardService.stopInternal Stopping service [Catalina]
09-Jun-2024 18:35:02.074 INFORMAÇÕES [main] org.apache.coyote.AbstractProtocol.stop Stopping ProtocolHandler ["http-nio-8080"]
09-Jun-2024 18:35:02.088 INFORMAÇÕES [main] org.apache.coyote.AbstractProtocol.destroy Destroying ProtocolHandler ["http-nio-8080"]
09-Jun-2024 18:41:46.823 INFORMAÇÕES [main] org.apache.catalina.startup.VersionLoggerListener.log Server version name:   Apache Tomcat/8.5.100
09-Jun-2024 18:41:46.830 INFORMAÇÕES [main] org.apache.catalina.startup.VersionLoggerListener.log Server built:          Mar 19 2024 13:54:42 UTC
09-Jun-2024 18:41:46.831 INFORMAÇÕES [main] org.apache.catalina.startup.VersionLoggerListener.log Server version number: 8.5.100.0
09-Jun-2024 18:41:46.831 INFORMAÇÕES [main] org.apache.catalina.startup.VersionLoggerListener.log OS Name:               Linux
09-Jun-2024 18:41:46.834 INFORMAÇÕES [main] org.apache.catalina.startup.VersionLoggerListener.log OS Version:            6.8.0-35-generic
09-Jun-2024 18:41:46.835 INFORMAÇÕES [main] org.apache.catalina.startup.VersionLoggerListener.log Architecture:          amd64
09-Jun-2024 18:41:46.835 INFORMAÇÕES [main] org.apache.catalina.startup.VersionLoggerListener.log Java Home:             /usr/lib/jvm/java-17-openjdk-amd64
09-Jun-2024 18:41:46.835 INFORMAÇÕES [main] org.apache.catalina.startup.VersionLoggerListener.log JVM Version:           17.0.11+9-Ubuntu-1
09-Jun-2024 18:41:46.835 INFORMAÇÕES [main] org.apache.catalina.startup.VersionLoggerListener.log JVM Vendor:            Ubuntu
09-Jun-2024 18:41:46.835 INFORMAÇÕES [main] org.apache.catalina.startup.VersionLoggerListener.log CATALINA_BASE:         /home/jhonatan-silva/faculdade/INTRO-DEV-WEB-TRABALHO/wp-web/apache-tomcat-8.5.100
09-Jun-2024 18:41:46.836 INFORMAÇÕES [main] org.apache.catalina.startup.VersionLoggerListener.log CATALINA_HOME:         /home/jhonatan-silva/faculdade/INTRO-DEV-WEB-TRABALHO/wp-web/apache-tomcat-8.5.100
09-Jun-2024 18:41:46.837 INFORMAÇÕES [main] org.apache.catalina.startup.VersionLoggerListener.log Command line argument: --add-opens=java.base/java.lang=ALL-UNNAMED
09-Jun-2024 18:41:46.837 INFORMAÇÕES [main] org.apache.catalina.startup.VersionLoggerListener.log Command line argument: --add-opens=java.base/java.io=ALL-UNNAMED
09-Jun-2024 18:41:46.837 INFORMAÇÕES [main] org.apache.catalina.startup.VersionLoggerListener.log Command line argument: --add-opens=java.base/java.util=ALL-UNNAMED
09-Jun-2024 18:41:46.845 INFORMAÇÕES [main] org.apache.catalina.startup.VersionLoggerListener.log Command line argument: --add-opens=java.base/java.util.concurrent=ALL-UNNAMED
09-Jun-2024 18:41:46.845 INFORMAÇÕES [main] org.apache.catalina.startup.VersionLoggerListener.log Command line argument: --add-opens=java.rmi/sun.rmi.transport=ALL-UNNAMED
09-Jun-2024 18:41:46.845 INFORMAÇÕES [main] org.apache.catalina.startup.VersionLoggerListener.log Command line argument: -Djava.util.logging.config.file=/home/jhonatan-silva/faculdade/INTRO-DEV-WEB-TRABALHO/wp-web/apache-tomcat-8.5.100/conf/logging.properties
09-Jun-2024 18:41:46.845 INFORMAÇÕES [main] org.apache.catalina.startup.VersionLoggerListener.log Command line argument: -Djava.util.logging.manager=org.apache.juli.ClassLoaderLogManager
09-Jun-2024 18:41:46.846 INFORMAÇÕES [main] org.apache.catalina.startup.VersionLoggerListener.log Command line argument: -Dhttp.nonProxyHosts=localhost|127.0.0.1|note-ubuntu
09-Jun-2024 18:41:46.846 INFORMAÇÕES [main] org.apache.catalina.startup.VersionLoggerListener.log Command line argument: -Djdk.tls.ephemeralDHKeySize=2048
09-Jun-2024 18:41:46.846 INFORMAÇÕES [main] org.apache.catalina.startup.VersionLoggerListener.log Command line argument: -Djava.protocol.handler.pkgs=org.apache.catalina.webresources
09-Jun-2024 18:41:46.846 INFORMAÇÕES [main] org.apache.catalina.startup.VersionLoggerListener.log Command line argument: -Dorg.apache.catalina.security.SecurityListener.UMASK=0027
09-Jun-2024 18:41:46.846 INFORMAÇÕES [main] org.apache.catalina.startup.VersionLoggerListener.log Command line argument: -Dignore.endorsed.dirs=
09-Jun-2024 18:41:46.846 INFORMAÇÕES [main] org.apache.catalina.startup.VersionLoggerListener.log Command line argument: -Dcatalina.base=/home/jhonatan-silva/faculdade/INTRO-DEV-WEB-TRABALHO/wp-web/apache-tomcat-8.5.100
09-Jun-2024 18:41:46.847 INFORMAÇÕES [main] org.apache.catalina.startup.VersionLoggerListener.log Command line argument: -Dcatalina.home=/home/jhonatan-silva/faculdade/INTRO-DEV-WEB-TRABALHO/wp-web/apache-tomcat-8.5.100
09-Jun-2024 18:41:46.847 INFORMAÇÕES [main] org.apache.catalina.startup.VersionLoggerListener.log Command line argument: -Djava.io.tmpdir=/home/jhonatan-silva/faculdade/INTRO-DEV-WEB-TRABALHO/wp-web/apache-tomcat-8.5.100/temp
09-Jun-2024 18:41:46.847 INFORMAÇÕES [main] org.apache.catalina.core.AprLifecycleListener.lifecycleEvent The Apache Tomcat Native library which allows using OpenSSL was not found on the java.library.path: [/usr/java/packages/lib:/usr/lib/x86_64-linux-gnu/jni:/lib/x86_64-linux-gnu:/usr/lib/x86_64-linux-gnu:/usr/lib/jni:/lib:/usr/lib]
09-Jun-2024 18:41:46.942 INFORMAÇÕES [main] org.apache.coyote.AbstractProtocol.init Initializing ProtocolHandler ["http-nio-8080"]
09-Jun-2024 18:41:46.997 INFORMAÇÕES [main] org.apache.catalina.startup.Catalina.load Initialization processed in 1022 ms
09-Jun-2024 18:41:47.121 INFORMAÇÕES [main] org.apache.catalina.core.StandardService.startInternal Starting service [Catalina]
09-Jun-2024 18:41:47.121 INFORMAÇÕES [main] org.apache.catalina.core.StandardEngine.startInternal Starting Servlet engine: [Apache Tomcat/8.5.100]
09-Jun-2024 18:41:47.135 INFORMAÇÕES [localhost-startStop-1] org.apache.catalina.startup.HostConfig.deployDescriptor Deploying deployment descriptor [/home/jhonatan-silva/faculdade/INTRO-DEV-WEB-TRABALHO/wp-web/apache-tomcat-8.5.100/conf/Catalina/localhost/encaminharIMCAtributo.xml]
09-Jun-2024 18:41:47.167 ADVERTÊNCIA [localhost-startStop-1] org.apache.catalina.startup.HostConfig.deployDescriptor The path attribute with value [/encaminharIMCAtributo] in deployment descriptor [/home/jhonatan-silva/faculdade/INTRO-DEV-WEB-TRABALHO/wp-web/apache-tomcat-8.5.100/conf/Catalina/localhost/encaminharIMCAtributo.xml] has been ignored
09-Jun-2024 18:41:47.591 INFORMAÇÕES [localhost-startStop-1] org.apache.catalina.startup.HostConfig.deployDescriptor Deployment of deployment descriptor [/home/jhonatan-silva/faculdade/INTRO-DEV-WEB-TRABALHO/wp-web/apache-tomcat-8.5.100/conf/Catalina/localhost/encaminharIMCAtributo.xml] has finished in [456] ms
09-Jun-2024 18:41:47.592 INFORMAÇÕES [localhost-startStop-1] org.apache.catalina.startup.HostConfig.deployDescriptor Deploying deployment descriptor [/home/jhonatan-silva/faculdade/INTRO-DEV-WEB-TRABALHO/wp-web/apache-tomcat-8.5.100/conf/Catalina/localhost/AloMundo.xml]
09-Jun-2024 18:41:47.593 ADVERTÊNCIA [localhost-startStop-1] org.apache.catalina.startup.HostConfig.deployDescriptor The path attribute with value [/AloMundo] in deployment descriptor [/home/jhonatan-silva/faculdade/INTRO-DEV-WEB-TRABALHO/wp-web/apache-tomcat-8.5.100/conf/Catalina/localhost/AloMundo.xml] has been ignored
09-Jun-2024 18:41:47.636 INFORMAÇÕES [localhost-startStop-1] org.apache.catalina.startup.HostConfig.deployDescriptor Deployment of deployment descriptor [/home/jhonatan-silva/faculdade/INTRO-DEV-WEB-TRABALHO/wp-web/apache-tomcat-8.5.100/conf/Catalina/localhost/AloMundo.xml] has finished in [44] ms
09-Jun-2024 18:41:47.637 INFORMAÇÕES [localhost-startStop-1] org.apache.catalina.startup.HostConfig.deployDescriptor Deploying deployment descriptor [/home/jhonatan-silva/faculdade/INTRO-DEV-WEB-TRABALHO/wp-web/apache-tomcat-8.5.100/conf/Catalina/localhost/ExemploGetePost.xml]
09-Jun-2024 18:41:47.638 ADVERTÊNCIA [localhost-startStop-1] org.apache.catalina.startup.HostConfig.deployDescriptor The path attribute with value [/ExemploGetePost] in deployment descriptor [/home/jhonatan-silva/faculdade/INTRO-DEV-WEB-TRABALHO/wp-web/apache-tomcat-8.5.100/conf/Catalina/localhost/ExemploGetePost.xml] has been ignored
09-Jun-2024 18:41:47.686 INFORMAÇÕES [localhost-startStop-1] org.apache.catalina.startup.HostConfig.deployDescriptor Deployment of deployment descriptor [/home/jhonatan-silva/faculdade/INTRO-DEV-WEB-TRABALHO/wp-web/apache-tomcat-8.5.100/conf/Catalina/localhost/ExemploGetePost.xml] has finished in [49] ms
09-Jun-2024 18:41:47.686 INFORMAÇÕES [localhost-startStop-1] org.apache.catalina.startup.HostConfig.deployDescriptor Deploying deployment descriptor [/home/jhonatan-silva/faculdade/INTRO-DEV-WEB-TRABALHO/wp-web/apache-tomcat-8.5.100/conf/Catalina/localhost/emcaminharAtributoObjeto.xml]
09-Jun-2024 18:41:47.687 ADVERTÊNCIA [localhost-startStop-1] org.apache.catalina.startup.HostConfig.deployDescriptor The path attribute with value [/emcaminharAtributoObjeto] in deployment descriptor [/home/jhonatan-silva/faculdade/INTRO-DEV-WEB-TRABALHO/wp-web/apache-tomcat-8.5.100/conf/Catalina/localhost/emcaminharAtributoObjeto.xml] has been ignored
09-Jun-2024 18:41:47.742 INFORMAÇÕES [localhost-startStop-1] org.apache.catalina.startup.HostConfig.deployDescriptor Deployment of deployment descriptor [/home/jhonatan-silva/faculdade/INTRO-DEV-WEB-TRABALHO/wp-web/apache-tomcat-8.5.100/conf/Catalina/localhost/emcaminharAtributoObjeto.xml] has finished in [56] ms
09-Jun-2024 18:41:47.742 INFORMAÇÕES [localhost-startStop-1] org.apache.catalina.startup.HostConfig.deployDescriptor Deploying deployment descriptor [/home/jhonatan-silva/faculdade/INTRO-DEV-WEB-TRABALHO/wp-web/apache-tomcat-8.5.100/conf/Catalina/localhost/ExemploGetParametros.xml]
09-Jun-2024 18:41:47.744 ADVERTÊNCIA [localhost-startStop-1] org.apache.catalina.startup.HostConfig.deployDescriptor The path attribute with value [/ExemploGetParametros] in deployment descriptor [/home/jhonatan-silva/faculdade/INTRO-DEV-WEB-TRABALHO/wp-web/apache-tomcat-8.5.100/conf/Catalina/localhost/ExemploGetParametros.xml] has been ignored
09-Jun-2024 18:41:47.785 INFORMAÇÕES [localhost-startStop-1] org.apache.catalina.startup.HostConfig.deployDescriptor Deployment of deployment descriptor [/home/jhonatan-silva/faculdade/INTRO-DEV-WEB-TRABALHO/wp-web/apache-tomcat-8.5.100/conf/Catalina/localhost/ExemploGetParametros.xml] has finished in [43] ms
09-Jun-2024 18:41:47.785 INFORMAÇÕES [localhost-startStop-1] org.apache.catalina.startup.HostConfig.deployDescriptor Deploying deployment descriptor [/home/jhonatan-silva/faculdade/INTRO-DEV-WEB-TRABALHO/wp-web/apache-tomcat-8.5.100/conf/Catalina/localhost/ExemploGet.xml]
09-Jun-2024 18:41:47.787 ADVERTÊNCIA [localhost-startStop-1] org.apache.catalina.startup.HostConfig.deployDescriptor The path attribute with value [/ExemploGet] in deployment descriptor [/home/jhonatan-silva/faculdade/INTRO-DEV-WEB-TRABALHO/wp-web/apache-tomcat-8.5.100/conf/Catalina/localhost/ExemploGet.xml] has been ignored
09-Jun-2024 18:41:47.836 INFORMAÇÕES [localhost-startStop-1] org.apache.catalina.startup.HostConfig.deployDescriptor Deployment of deployment descriptor [/home/jhonatan-silva/faculdade/INTRO-DEV-WEB-TRABALHO/wp-web/apache-tomcat-8.5.100/conf/Catalina/localhost/ExemploGet.xml] has finished in [49] ms
09-Jun-2024 18:41:47.837 INFORMAÇÕES [localhost-startStop-1] org.apache.catalina.startup.HostConfig.deployDescriptor Deploying deployment descriptor [/home/jhonatan-silva/faculdade/INTRO-DEV-WEB-TRABALHO/wp-web/apache-tomcat-8.5.100/conf/Catalina/localhost/encaminharIMC.xml]
09-Jun-2024 18:41:47.838 ADVERTÊNCIA [localhost-startStop-1] org.apache.catalina.startup.HostConfig.deployDescriptor The path attribute with value [/encaminharIMC] in deployment descriptor [/home/jhonatan-silva/faculdade/INTRO-DEV-WEB-TRABALHO/wp-web/apache-tomcat-8.5.100/conf/Catalina/localhost/encaminharIMC.xml] has been ignored
09-Jun-2024 18:41:47.897 INFORMAÇÕES [localhost-startStop-1] org.apache.catalina.startup.HostConfig.deployDescriptor Deployment of deployment descriptor [/home/jhonatan-silva/faculdade/INTRO-DEV-WEB-TRABALHO/wp-web/apache-tomcat-8.5.100/conf/Catalina/localhost/encaminharIMC.xml] has finished in [60] ms
09-Jun-2024 18:41:47.898 INFORMAÇÕES [localhost-startStop-1] org.apache.catalina.startup.HostConfig.deployDescriptor Deploying deployment descriptor [/home/jhonatan-silva/faculdade/INTRO-DEV-WEB-TRABALHO/wp-web/apache-tomcat-8.5.100/conf/Catalina/localhost/ExemploDuplaFuncao.xml]
09-Jun-2024 18:41:47.901 ADVERTÊNCIA [localhost-startStop-1] org.apache.catalina.startup.HostConfig.deployDescriptor The path attribute with value [/ExemploDuplaFuncao] in deployment descriptor [/home/jhonatan-silva/faculdade/INTRO-DEV-WEB-TRABALHO/wp-web/apache-tomcat-8.5.100/conf/Catalina/localhost/ExemploDuplaFuncao.xml] has been ignored
09-Jun-2024 18:41:47.962 INFORMAÇÕES [localhost-startStop-1] org.apache.catalina.startup.HostConfig.deployDescriptor Deployment of deployment descriptor [/home/jhonatan-silva/faculdade/INTRO-DEV-WEB-TRABALHO/wp-web/apache-tomcat-8.5.100/conf/Catalina/localhost/ExemploDuplaFuncao.xml] has finished in [65] ms
09-Jun-2024 18:41:47.962 INFORMAÇÕES [localhost-startStop-1] org.apache.catalina.startup.HostConfig.deployDescriptor Deploying deployment descriptor [/home/jhonatan-silva/faculdade/INTRO-DEV-WEB-TRABALHO/wp-web/apache-tomcat-8.5.100/conf/Catalina/localhost/encaminharAtributoObjeto.xml]
09-Jun-2024 18:41:47.963 ADVERTÊNCIA [localhost-startStop-1] org.apache.catalina.startup.HostConfig.deployDescriptor The path attribute with value [/encaminharAtributoObjeto] in deployment descriptor [/home/jhonatan-silva/faculdade/INTRO-DEV-WEB-TRABALHO/wp-web/apache-tomcat-8.5.100/conf/Catalina/localhost/encaminharAtributoObjeto.xml] has been ignored
09-Jun-2024 18:41:47.997 INFORMAÇÕES [localhost-startStop-1] org.apache.catalina.startup.HostConfig.deployDescriptor Deployment of deployment descriptor [/home/jhonatan-silva/faculdade/INTRO-DEV-WEB-TRABALHO/wp-web/apache-tomcat-8.5.100/conf/Catalina/localhost/encaminharAtributoObjeto.xml] has finished in [34] ms
09-Jun-2024 18:41:47.997 INFORMAÇÕES [localhost-startStop-1] org.apache.catalina.startup.HostConfig.deployDescriptor Deploying deployment descriptor [/home/jhonatan-silva/faculdade/INTRO-DEV-WEB-TRABALHO/wp-web/apache-tomcat-8.5.100/conf/Catalina/localhost/ExemploPost.xml]
09-Jun-2024 18:41:47.997 ADVERTÊNCIA [localhost-startStop-1] org.apache.catalina.startup.HostConfig.deployDescriptor The path attribute with value [/ExemploPost] in deployment descriptor [/home/jhonatan-silva/faculdade/INTRO-DEV-WEB-TRABALHO/wp-web/apache-tomcat-8.5.100/conf/Catalina/localhost/ExemploPost.xml] has been ignored
09-Jun-2024 18:41:48.028 INFORMAÇÕES [localhost-startStop-1] org.apache.catalina.startup.HostConfig.deployDescriptor Deployment of deployment descriptor [/home/jhonatan-silva/faculdade/INTRO-DEV-WEB-TRABALHO/wp-web/apache-tomcat-8.5.100/conf/Catalina/localhost/ExemploPost.xml] has finished in [30] ms
09-Jun-2024 18:41:48.030 INFORMAÇÕES [localhost-startStop-1] org.apache.catalina.startup.HostConfig.deployDirectory Deploying web application directory [/home/jhonatan-silva/faculdade/INTRO-DEV-WEB-TRABALHO/wp-web/apache-tomcat-8.5.100/webapps/host-manager]
09-Jun-2024 18:41:48.095 INFORMAÇÕES [localhost-startStop-1] org.apache.catalina.startup.HostConfig.deployDirectory Deployment of web application directory [/home/jhonatan-silva/faculdade/INTRO-DEV-WEB-TRABALHO/wp-web/apache-tomcat-8.5.100/webapps/host-manager] has finished in [65] ms
09-Jun-2024 18:41:48.095 INFORMAÇÕES [localhost-startStop-1] org.apache.catalina.startup.HostConfig.deployDirectory Deploying web application directory [/home/jhonatan-silva/faculdade/INTRO-DEV-WEB-TRABALHO/wp-web/apache-tomcat-8.5.100/webapps/manager]
09-Jun-2024 18:41:48.156 INFORMAÇÕES [localhost-startStop-1] org.apache.catalina.startup.HostConfig.deployDirectory Deployment of web application directory [/home/jhonatan-silva/faculdade/INTRO-DEV-WEB-TRABALHO/wp-web/apache-tomcat-8.5.100/webapps/manager] has finished in [60] ms
09-Jun-2024 18:41:48.157 INFORMAÇÕES [localhost-startStop-1] org.apache.catalina.startup.HostConfig.deployDirectory Deploying web application directory [/home/jhonatan-silva/faculdade/INTRO-DEV-WEB-TRABALHO/wp-web/apache-tomcat-8.5.100/webapps/examples]
09-Jun-2024 18:41:48.462 INFORMAÇÕES [localhost-startStop-1] org.apache.catalina.startup.HostConfig.deployDirectory Deployment of web application directory [/home/jhonatan-silva/faculdade/INTRO-DEV-WEB-TRABALHO/wp-web/apache-tomcat-8.5.100/webapps/examples] has finished in [306] ms
09-Jun-2024 18:41:48.462 INFORMAÇÕES [localhost-startStop-1] org.apache.catalina.startup.HostConfig.deployDirectory Deploying web application directory [/home/jhonatan-silva/faculdade/INTRO-DEV-WEB-TRABALHO/wp-web/apache-tomcat-8.5.100/webapps/ROOT]
09-Jun-2024 18:41:48.483 INFORMAÇÕES [localhost-startStop-1] org.apache.catalina.startup.HostConfig.deployDirectory Deployment of web application directory [/home/jhonatan-silva/faculdade/INTRO-DEV-WEB-TRABALHO/wp-web/apache-tomcat-8.5.100/webapps/ROOT] has finished in [21] ms
09-Jun-2024 18:41:48.483 INFORMAÇÕES [localhost-startStop-1] org.apache.catalina.startup.HostConfig.deployDirectory Deploying web application directory [/home/jhonatan-silva/faculdade/INTRO-DEV-WEB-TRABALHO/wp-web/apache-tomcat-8.5.100/webapps/docs]
09-Jun-2024 18:41:48.508 INFORMAÇÕES [localhost-startStop-1] org.apache.catalina.startup.HostConfig.deployDirectory Deployment of web application directory [/home/jhonatan-silva/faculdade/INTRO-DEV-WEB-TRABALHO/wp-web/apache-tomcat-8.5.100/webapps/docs] has finished in [25] ms
09-Jun-2024 18:41:48.515 INFORMAÇÕES [main] org.apache.coyote.AbstractProtocol.start Starting ProtocolHandler ["http-nio-8080"]
09-Jun-2024 18:41:48.530 INFORMAÇÕES [main] org.apache.catalina.startup.Catalina.start Server startup in 1532 ms
09-Jun-2024 18:41:48.710 INFORMAÇÕES [http-nio-8080-exec-7] org.apache.catalina.core.StandardContext.reload Reloading Context with name [/ExemploPost] has started
09-Jun-2024 18:41:48.762 INFORMAÇÕES [http-nio-8080-exec-7] org.apache.catalina.core.StandardContext.reload Reloading Context with name [/ExemploPost] is completed
09-Jun-2024 18:46:36.415 INFORMAÇÕES [main] org.apache.catalina.core.StandardServer.await A valid shutdown command was received via the shutdown port. Stopping the Server instance.
09-Jun-2024 18:46:36.416 INFORMAÇÕES [main] org.apache.coyote.AbstractProtocol.pause Pausing ProtocolHandler ["http-nio-8080"]
09-Jun-2024 18:46:36.419 INFORMAÇÕES [main] org.apache.catalina.core.StandardService.stopInternal Stopping service [Catalina]
09-Jun-2024 18:46:36.476 INFORMAÇÕES [main] org.apache.coyote.AbstractProtocol.stop Stopping ProtocolHandler ["http-nio-8080"]
09-Jun-2024 18:46:36.486 INFORMAÇÕES [main] org.apache.coyote.AbstractProtocol.destroy Destroying ProtocolHandler ["http-nio-8080"]
