24-Jun-2024 00:04:39.756 INFORMAÇÕES [localhost-startStop-2] org.apache.catalina.core.ApplicationContext.log SessionListener: contextDestroyed()
24-Jun-2024 00:04:39.756 INFORMAÇÕES [localhost-startStop-2] org.apache.catalina.core.ApplicationContext.log ContextListener: contextDestroyed()
24-Jun-2024 00:51:39.948 INFORMAÇÕES [localhost-startStop-1] org.apache.catalina.core.ApplicationContext.log ContextListener: contextInitialized()
24-Jun-2024 00:51:39.949 INFORMAÇÕES [localhost-startStop-1] org.apache.catalina.core.ApplicationContext.log SessionListener: contextInitialized()
24-Jun-2024 00:51:39.950 INFORMAÇÕES [localhost-startStop-1] org.apache.catalina.core.ApplicationContext.log ContextListener: attributeAdded('StockTicker', 'async.Stockticker@185ee0a5')
24-Jun-2024 01:02:39.417 GRAVE [http-nio-8080-exec-29] org.apache.catalina.core.StandardWrapperValve.invoke Servlet.service() for servlet [MostrarProdutos] in context with path [/trabalhoFinal] threw exception [Falha ao obter lista de produtos] with root cause
	java.lang.RuntimeException: Erro ao listar produtos: Column 'quantidade_disponivel' not found.
		at model.ProdutoDAO.getAll(ProdutoDAO.java:63)
		at controller.MostrarProdutos.doGet(MostrarProdutos.java:20)
		at javax.servlet.http.HttpServlet.service(HttpServlet.java:489)
		at javax.servlet.http.HttpServlet.service(HttpServlet.java:583)
		at org.apache.catalina.core.ApplicationFilterChain.internalDoFilter(ApplicationFilterChain.java:212)
		at org.apache.catalina.core.ApplicationFilterChain.doFilter(ApplicationFilterChain.java:156)
		at org.apache.tomcat.websocket.server.WsFilter.doFilter(WsFilter.java:51)
		at org.apache.catalina.core.ApplicationFilterChain.internalDoFilter(ApplicationFilterChain.java:181)
		at org.apache.catalina.core.ApplicationFilterChain.doFilter(ApplicationFilterChain.java:156)
		at org.apache.catalina.core.StandardWrapperValve.invoke(StandardWrapperValve.java:168)
		at org.apache.catalina.core.StandardContextValve.invoke(StandardContextValve.java:90)
		at org.apache.catalina.authenticator.AuthenticatorBase.invoke(AuthenticatorBase.java:483)
		at org.apache.catalina.core.StandardHostValve.invoke(StandardHostValve.java:130)
		at org.apache.catalina.valves.ErrorReportValve.invoke(ErrorReportValve.java:93)
		at org.apache.catalina.valves.AbstractAccessLogValve.invoke(AbstractAccessLogValve.java:679)
		at org.apache.catalina.core.StandardEngineValve.invoke(StandardEngineValve.java:74)
		at org.apache.catalina.connector.CoyoteAdapter.service(CoyoteAdapter.java:346)
		at org.apache.coyote.http11.Http11Processor.service(Http11Processor.java:617)
		at org.apache.coyote.AbstractProcessorLight.process(AbstractProcessorLight.java:63)
		at org.apache.coyote.AbstractProtocol$ConnectionHandler.process(AbstractProtocol.java:934)
		at org.apache.tomcat.util.net.NioEndpoint$SocketProcessor.doRun(NioEndpoint.java:1690)
		at org.apache.tomcat.util.net.SocketProcessorBase.run(SocketProcessorBase.java:52)
		at org.apache.tomcat.util.threads.ThreadPoolExecutor.runWorker(ThreadPoolExecutor.java:1191)
		at org.apache.tomcat.util.threads.ThreadPoolExecutor$Worker.run(ThreadPoolExecutor.java:659)
		at org.apache.tomcat.util.threads.TaskThread$WrappingRunnable.run(TaskThread.java:63)
		at java.base/java.lang.Thread.run(Thread.java:840)
24-Jun-2024 01:10:18.004 GRAVE [http-nio-8080-exec-30] org.apache.catalina.core.StandardWrapperValve.invoke Servlet.service() for servlet [MostrarProdutos] in context with path [/trabalhoFinal] threw exception [Falha ao obter lista de produtos] with root cause
	java.lang.RuntimeException: Erro ao listar produtos: Column 'quantidade_disponivel' not found.
		at model.ProdutoDAO.getAll(ProdutoDAO.java:63)
		at controller.MostrarProdutos.doGet(MostrarProdutos.java:20)
		at javax.servlet.http.HttpServlet.service(HttpServlet.java:489)
		at javax.servlet.http.HttpServlet.service(HttpServlet.java:583)
		at org.apache.catalina.core.ApplicationFilterChain.internalDoFilter(ApplicationFilterChain.java:212)
		at org.apache.catalina.core.ApplicationFilterChain.doFilter(ApplicationFilterChain.java:156)
		at org.apache.tomcat.websocket.server.WsFilter.doFilter(WsFilter.java:51)
		at org.apache.catalina.core.ApplicationFilterChain.internalDoFilter(ApplicationFilterChain.java:181)
		at org.apache.catalina.core.ApplicationFilterChain.doFilter(ApplicationFilterChain.java:156)
		at org.apache.catalina.core.StandardWrapperValve.invoke(StandardWrapperValve.java:168)
		at org.apache.catalina.core.StandardContextValve.invoke(StandardContextValve.java:90)
		at org.apache.catalina.authenticator.AuthenticatorBase.invoke(AuthenticatorBase.java:483)
		at org.apache.catalina.core.StandardHostValve.invoke(StandardHostValve.java:130)
		at org.apache.catalina.valves.ErrorReportValve.invoke(ErrorReportValve.java:93)
		at org.apache.catalina.valves.AbstractAccessLogValve.invoke(AbstractAccessLogValve.java:679)
		at org.apache.catalina.core.StandardEngineValve.invoke(StandardEngineValve.java:74)
		at org.apache.catalina.connector.CoyoteAdapter.service(CoyoteAdapter.java:346)
		at org.apache.coyote.http11.Http11Processor.service(Http11Processor.java:617)
		at org.apache.coyote.AbstractProcessorLight.process(AbstractProcessorLight.java:63)
		at org.apache.coyote.AbstractProtocol$ConnectionHandler.process(AbstractProtocol.java:934)
		at org.apache.tomcat.util.net.NioEndpoint$SocketProcessor.doRun(NioEndpoint.java:1690)
		at org.apache.tomcat.util.net.SocketProcessorBase.run(SocketProcessorBase.java:52)
		at org.apache.tomcat.util.threads.ThreadPoolExecutor.runWorker(ThreadPoolExecutor.java:1191)
		at org.apache.tomcat.util.threads.ThreadPoolExecutor$Worker.run(ThreadPoolExecutor.java:659)
		at org.apache.tomcat.util.threads.TaskThread$WrappingRunnable.run(TaskThread.java:63)
		at java.base/java.lang.Thread.run(Thread.java:840)
24-Jun-2024 01:12:50.874 GRAVE [http-nio-8080-exec-26] org.apache.catalina.core.StandardWrapperValve.invoke Servlet.service() for servlet [MostrarProdutos] in context with path [/trabalhoFinal] threw exception [Falha ao obter lista de produtos] with root cause
	java.lang.RuntimeException: Erro ao listar produtos: Column 'quantidade_disponivel' not found.
		at model.ProdutoDAO.getAll(ProdutoDAO.java:63)
		at controller.MostrarProdutos.doGet(MostrarProdutos.java:20)
		at javax.servlet.http.HttpServlet.service(HttpServlet.java:489)
		at javax.servlet.http.HttpServlet.service(HttpServlet.java:583)
		at org.apache.catalina.core.ApplicationFilterChain.internalDoFilter(ApplicationFilterChain.java:212)
		at org.apache.catalina.core.ApplicationFilterChain.doFilter(ApplicationFilterChain.java:156)
		at org.apache.tomcat.websocket.server.WsFilter.doFilter(WsFilter.java:51)
		at org.apache.catalina.core.ApplicationFilterChain.internalDoFilter(ApplicationFilterChain.java:181)
		at org.apache.catalina.core.ApplicationFilterChain.doFilter(ApplicationFilterChain.java:156)
		at org.apache.catalina.core.StandardWrapperValve.invoke(StandardWrapperValve.java:168)
		at org.apache.catalina.core.StandardContextValve.invoke(StandardContextValve.java:90)
		at org.apache.catalina.authenticator.AuthenticatorBase.invoke(AuthenticatorBase.java:483)
		at org.apache.catalina.core.StandardHostValve.invoke(StandardHostValve.java:130)
		at org.apache.catalina.valves.ErrorReportValve.invoke(ErrorReportValve.java:93)
		at org.apache.catalina.valves.AbstractAccessLogValve.invoke(AbstractAccessLogValve.java:679)
		at org.apache.catalina.core.StandardEngineValve.invoke(StandardEngineValve.java:74)
		at org.apache.catalina.connector.CoyoteAdapter.service(CoyoteAdapter.java:346)
		at org.apache.coyote.http11.Http11Processor.service(Http11Processor.java:617)
		at org.apache.coyote.AbstractProcessorLight.process(AbstractProcessorLight.java:63)
		at org.apache.coyote.AbstractProtocol$ConnectionHandler.process(AbstractProtocol.java:934)
		at org.apache.tomcat.util.net.NioEndpoint$SocketProcessor.doRun(NioEndpoint.java:1690)
		at org.apache.tomcat.util.net.SocketProcessorBase.run(SocketProcessorBase.java:52)
		at org.apache.tomcat.util.threads.ThreadPoolExecutor.runWorker(ThreadPoolExecutor.java:1191)
		at org.apache.tomcat.util.threads.ThreadPoolExecutor$Worker.run(ThreadPoolExecutor.java:659)
		at org.apache.tomcat.util.threads.TaskThread$WrappingRunnable.run(TaskThread.java:63)
		at java.base/java.lang.Thread.run(Thread.java:840)
24-Jun-2024 01:20:58.213 GRAVE [http-nio-8080-exec-51] org.apache.catalina.core.ApplicationDispatcher.invoke Servlet.service() for servlet [jsp] threw exception
	org.apache.jasper.JasperException: Unable to compile class for JSP: 

An error occurred at line: [27] in the jsp file: [/views/public/listaProdutos.jsp]
listaProdutos cannot be resolved to a variable
24:             <h1>Lista de Produtos</h1>
25: 
26:             <div class="row">
27:                 <% for (Produtos produto : listaProdutos) { %>
28:                     <div class="col-sm-4 mb-4">
29:                         <div class="card">
30:                             <div class="card-body">


Stacktrace:
		at org.apache.jasper.compiler.DefaultErrorHandler.javacError(DefaultErrorHandler.java:102)
		at org.apache.jasper.compiler.ErrorDispatcher.javacError(ErrorDispatcher.java:214)
		at org.apache.jasper.compiler.JDTCompiler.generateClass(JDTCompiler.java:611)
		at org.apache.jasper.compiler.Compiler.compile(Compiler.java:381)
		at org.apache.jasper.compiler.Compiler.compile(Compiler.java:351)
		at org.apache.jasper.compiler.Compiler.compile(Compiler.java:335)
		at org.apache.jasper.JspCompilationContext.compile(JspCompilationContext.java:597)
		at org.apache.jasper.servlet.JspServletWrapper.service(JspServletWrapper.java:398)
		at org.apache.jasper.servlet.JspServlet.serviceJspFile(JspServlet.java:383)
		at org.apache.jasper.servlet.JspServlet.service(JspServlet.java:331)
		at javax.servlet.http.HttpServlet.service(HttpServlet.java:583)
		at org.apache.catalina.core.ApplicationFilterChain.internalDoFilter(ApplicationFilterChain.java:212)
		at org.apache.catalina.core.ApplicationFilterChain.doFilter(ApplicationFilterChain.java:156)
		at org.apache.tomcat.websocket.server.WsFilter.doFilter(WsFilter.java:51)
		at org.apache.catalina.core.ApplicationFilterChain.internalDoFilter(ApplicationFilterChain.java:181)
		at org.apache.catalina.core.ApplicationFilterChain.doFilter(ApplicationFilterChain.java:156)
		at org.apache.catalina.core.ApplicationDispatcher.invoke(ApplicationDispatcher.java:662)
		at org.apache.catalina.core.ApplicationDispatcher.processRequest(ApplicationDispatcher.java:428)
		at org.apache.catalina.core.ApplicationDispatcher.doForward(ApplicationDispatcher.java:360)
		at org.apache.catalina.core.ApplicationDispatcher.forward(ApplicationDispatcher.java:297)
		at controller.MostrarProdutos.doGet(MostrarProdutos.java:26)
		at javax.servlet.http.HttpServlet.service(HttpServlet.java:489)
		at javax.servlet.http.HttpServlet.service(HttpServlet.java:583)
		at org.apache.catalina.core.ApplicationFilterChain.internalDoFilter(ApplicationFilterChain.java:212)
		at org.apache.catalina.core.ApplicationFilterChain.doFilter(ApplicationFilterChain.java:156)
		at org.apache.tomcat.websocket.server.WsFilter.doFilter(WsFilter.java:51)
		at org.apache.catalina.core.ApplicationFilterChain.internalDoFilter(ApplicationFilterChain.java:181)
		at org.apache.catalina.core.ApplicationFilterChain.doFilter(ApplicationFilterChain.java:156)
		at org.apache.catalina.core.StandardWrapperValve.invoke(StandardWrapperValve.java:168)
		at org.apache.catalina.core.StandardContextValve.invoke(StandardContextValve.java:90)
		at org.apache.catalina.authenticator.AuthenticatorBase.invoke(AuthenticatorBase.java:483)
		at org.apache.catalina.core.StandardHostValve.invoke(StandardHostValve.java:130)
		at org.apache.catalina.valves.ErrorReportValve.invoke(ErrorReportValve.java:93)
		at org.apache.catalina.valves.AbstractAccessLogValve.invoke(AbstractAccessLogValve.java:679)
		at org.apache.catalina.core.StandardEngineValve.invoke(StandardEngineValve.java:74)
		at org.apache.catalina.connector.CoyoteAdapter.service(CoyoteAdapter.java:346)
		at org.apache.coyote.http11.Http11Processor.service(Http11Processor.java:617)
		at org.apache.coyote.AbstractProcessorLight.process(AbstractProcessorLight.java:63)
		at org.apache.coyote.AbstractProtocol$ConnectionHandler.process(AbstractProtocol.java:934)
		at org.apache.tomcat.util.net.NioEndpoint$SocketProcessor.doRun(NioEndpoint.java:1690)
		at org.apache.tomcat.util.net.SocketProcessorBase.run(SocketProcessorBase.java:52)
		at org.apache.tomcat.util.threads.ThreadPoolExecutor.runWorker(ThreadPoolExecutor.java:1191)
		at org.apache.tomcat.util.threads.ThreadPoolExecutor$Worker.run(ThreadPoolExecutor.java:659)
		at org.apache.tomcat.util.threads.TaskThread$WrappingRunnable.run(TaskThread.java:63)
		at java.base/java.lang.Thread.run(Thread.java:840)
24-Jun-2024 01:20:58.214 GRAVE [http-nio-8080-exec-51] org.apache.catalina.core.StandardWrapperValve.invoke Servlet.service() for servlet [MostrarProdutos] in context with path [/trabalhoFinal] threw exception [Falha ao obter lista de produtos] with root cause
	org.apache.jasper.JasperException: Unable to compile class for JSP: 

An error occurred at line: [27] in the jsp file: [/views/public/listaProdutos.jsp]
listaProdutos cannot be resolved to a variable
24:             <h1>Lista de Produtos</h1>
25: 
26:             <div class="row">
27:                 <% for (Produtos produto : listaProdutos) { %>
28:                     <div class="col-sm-4 mb-4">
29:                         <div class="card">
30:                             <div class="card-body">


Stacktrace:
		at org.apache.jasper.compiler.DefaultErrorHandler.javacError(DefaultErrorHandler.java:102)
		at org.apache.jasper.compiler.ErrorDispatcher.javacError(ErrorDispatcher.java:214)
		at org.apache.jasper.compiler.JDTCompiler.generateClass(JDTCompiler.java:611)
		at org.apache.jasper.compiler.Compiler.compile(Compiler.java:381)
		at org.apache.jasper.compiler.Compiler.compile(Compiler.java:351)
		at org.apache.jasper.compiler.Compiler.compile(Compiler.java:335)
		at org.apache.jasper.JspCompilationContext.compile(JspCompilationContext.java:597)
		at org.apache.jasper.servlet.JspServletWrapper.service(JspServletWrapper.java:398)
		at org.apache.jasper.servlet.JspServlet.serviceJspFile(JspServlet.java:383)
		at org.apache.jasper.servlet.JspServlet.service(JspServlet.java:331)
		at javax.servlet.http.HttpServlet.service(HttpServlet.java:583)
		at org.apache.catalina.core.ApplicationFilterChain.internalDoFilter(ApplicationFilterChain.java:212)
		at org.apache.catalina.core.ApplicationFilterChain.doFilter(ApplicationFilterChain.java:156)
		at org.apache.tomcat.websocket.server.WsFilter.doFilter(WsFilter.java:51)
		at org.apache.catalina.core.ApplicationFilterChain.internalDoFilter(ApplicationFilterChain.java:181)
		at org.apache.catalina.core.ApplicationFilterChain.doFilter(ApplicationFilterChain.java:156)
		at org.apache.catalina.core.ApplicationDispatcher.invoke(ApplicationDispatcher.java:662)
		at org.apache.catalina.core.ApplicationDispatcher.processRequest(ApplicationDispatcher.java:428)
		at org.apache.catalina.core.ApplicationDispatcher.doForward(ApplicationDispatcher.java:360)
		at org.apache.catalina.core.ApplicationDispatcher.forward(ApplicationDispatcher.java:297)
		at controller.MostrarProdutos.doGet(MostrarProdutos.java:26)
		at javax.servlet.http.HttpServlet.service(HttpServlet.java:489)
		at javax.servlet.http.HttpServlet.service(HttpServlet.java:583)
		at org.apache.catalina.core.ApplicationFilterChain.internalDoFilter(ApplicationFilterChain.java:212)
		at org.apache.catalina.core.ApplicationFilterChain.doFilter(ApplicationFilterChain.java:156)
		at org.apache.tomcat.websocket.server.WsFilter.doFilter(WsFilter.java:51)
		at org.apache.catalina.core.ApplicationFilterChain.internalDoFilter(ApplicationFilterChain.java:181)
		at org.apache.catalina.core.ApplicationFilterChain.doFilter(ApplicationFilterChain.java:156)
		at org.apache.catalina.core.StandardWrapperValve.invoke(StandardWrapperValve.java:168)
		at org.apache.catalina.core.StandardContextValve.invoke(StandardContextValve.java:90)
		at org.apache.catalina.authenticator.AuthenticatorBase.invoke(AuthenticatorBase.java:483)
		at org.apache.catalina.core.StandardHostValve.invoke(StandardHostValve.java:130)
		at org.apache.catalina.valves.ErrorReportValve.invoke(ErrorReportValve.java:93)
		at org.apache.catalina.valves.AbstractAccessLogValve.invoke(AbstractAccessLogValve.java:679)
		at org.apache.catalina.core.StandardEngineValve.invoke(StandardEngineValve.java:74)
		at org.apache.catalina.connector.CoyoteAdapter.service(CoyoteAdapter.java:346)
		at org.apache.coyote.http11.Http11Processor.service(Http11Processor.java:617)
		at org.apache.coyote.AbstractProcessorLight.process(AbstractProcessorLight.java:63)
		at org.apache.coyote.AbstractProtocol$ConnectionHandler.process(AbstractProtocol.java:934)
		at org.apache.tomcat.util.net.NioEndpoint$SocketProcessor.doRun(NioEndpoint.java:1690)
		at org.apache.tomcat.util.net.SocketProcessorBase.run(SocketProcessorBase.java:52)
		at org.apache.tomcat.util.threads.ThreadPoolExecutor.runWorker(ThreadPoolExecutor.java:1191)
		at org.apache.tomcat.util.threads.ThreadPoolExecutor$Worker.run(ThreadPoolExecutor.java:659)
		at org.apache.tomcat.util.threads.TaskThread$WrappingRunnable.run(TaskThread.java:63)
		at java.base/java.lang.Thread.run(Thread.java:840)
24-Jun-2024 01:24:27.007 GRAVE [http-nio-8080-exec-58] org.apache.catalina.core.ApplicationDispatcher.invoke Servlet.service() for servlet [jsp] threw exception
	org.apache.jasper.JasperException: Unable to compile class for JSP: 

An error occurred at line: [27] in the jsp file: [/views/public/listaProdutos.jsp]
listaProdutos cannot be resolved to a variable
24:             <h1>Lista de Produtos</h1>
25: 
26:             <div class="row">
27:                 <% for (Produtos produto : listaProdutos) { %>
28:                     <div class="col-sm-4 mb-4">
29:                         <div class="card">
30:                             <div class="card-body">


Stacktrace:
		at org.apache.jasper.compiler.DefaultErrorHandler.javacError(DefaultErrorHandler.java:102)
		at org.apache.jasper.compiler.ErrorDispatcher.javacError(ErrorDispatcher.java:214)
		at org.apache.jasper.compiler.JDTCompiler.generateClass(JDTCompiler.java:611)
		at org.apache.jasper.compiler.Compiler.compile(Compiler.java:381)
		at org.apache.jasper.compiler.Compiler.compile(Compiler.java:351)
		at org.apache.jasper.compiler.Compiler.compile(Compiler.java:335)
		at org.apache.jasper.JspCompilationContext.compile(JspCompilationContext.java:597)
		at org.apache.jasper.servlet.JspServletWrapper.service(JspServletWrapper.java:398)
		at org.apache.jasper.servlet.JspServlet.serviceJspFile(JspServlet.java:383)
		at org.apache.jasper.servlet.JspServlet.service(JspServlet.java:331)
		at javax.servlet.http.HttpServlet.service(HttpServlet.java:583)
		at org.apache.catalina.core.ApplicationFilterChain.internalDoFilter(ApplicationFilterChain.java:212)
		at org.apache.catalina.core.ApplicationFilterChain.doFilter(ApplicationFilterChain.java:156)
		at org.apache.tomcat.websocket.server.WsFilter.doFilter(WsFilter.java:51)
		at org.apache.catalina.core.ApplicationFilterChain.internalDoFilter(ApplicationFilterChain.java:181)
		at org.apache.catalina.core.ApplicationFilterChain.doFilter(ApplicationFilterChain.java:156)
		at org.apache.catalina.core.ApplicationDispatcher.invoke(ApplicationDispatcher.java:662)
		at org.apache.catalina.core.ApplicationDispatcher.processRequest(ApplicationDispatcher.java:428)
		at org.apache.catalina.core.ApplicationDispatcher.doForward(ApplicationDispatcher.java:360)
		at org.apache.catalina.core.ApplicationDispatcher.forward(ApplicationDispatcher.java:297)
		at controller.MostrarProdutos.doGet(MostrarProdutos.java:24)
		at javax.servlet.http.HttpServlet.service(HttpServlet.java:489)
		at javax.servlet.http.HttpServlet.service(HttpServlet.java:583)
		at org.apache.catalina.core.ApplicationFilterChain.internalDoFilter(ApplicationFilterChain.java:212)
		at org.apache.catalina.core.ApplicationFilterChain.doFilter(ApplicationFilterChain.java:156)
		at org.apache.tomcat.websocket.server.WsFilter.doFilter(WsFilter.java:51)
		at org.apache.catalina.core.ApplicationFilterChain.internalDoFilter(ApplicationFilterChain.java:181)
		at org.apache.catalina.core.ApplicationFilterChain.doFilter(ApplicationFilterChain.java:156)
		at org.apache.catalina.core.StandardWrapperValve.invoke(StandardWrapperValve.java:168)
		at org.apache.catalina.core.StandardContextValve.invoke(StandardContextValve.java:90)
		at org.apache.catalina.authenticator.AuthenticatorBase.invoke(AuthenticatorBase.java:483)
		at org.apache.catalina.core.StandardHostValve.invoke(StandardHostValve.java:130)
		at org.apache.catalina.valves.ErrorReportValve.invoke(ErrorReportValve.java:93)
		at org.apache.catalina.valves.AbstractAccessLogValve.invoke(AbstractAccessLogValve.java:679)
		at org.apache.catalina.core.StandardEngineValve.invoke(StandardEngineValve.java:74)
		at org.apache.catalina.connector.CoyoteAdapter.service(CoyoteAdapter.java:346)
		at org.apache.coyote.http11.Http11Processor.service(Http11Processor.java:617)
		at org.apache.coyote.AbstractProcessorLight.process(AbstractProcessorLight.java:63)
		at org.apache.coyote.AbstractProtocol$ConnectionHandler.process(AbstractProtocol.java:934)
		at org.apache.tomcat.util.net.NioEndpoint$SocketProcessor.doRun(NioEndpoint.java:1690)
		at org.apache.tomcat.util.net.SocketProcessorBase.run(SocketProcessorBase.java:52)
		at org.apache.tomcat.util.threads.ThreadPoolExecutor.runWorker(ThreadPoolExecutor.java:1191)
		at org.apache.tomcat.util.threads.ThreadPoolExecutor$Worker.run(ThreadPoolExecutor.java:659)
		at org.apache.tomcat.util.threads.TaskThread$WrappingRunnable.run(TaskThread.java:63)
		at java.base/java.lang.Thread.run(Thread.java:840)
24-Jun-2024 01:24:27.007 GRAVE [http-nio-8080-exec-58] org.apache.catalina.core.StandardWrapperValve.invoke Servlet.service() for servlet [MostrarProdutos] in context with path [/trabalhoFinal] threw exception [Unable to compile class for JSP: 

An error occurred at line: [27] in the jsp file: [/views/public/listaProdutos.jsp]
listaProdutos cannot be resolved to a variable
24:             <h1>Lista de Produtos</h1>
25: 
26:             <div class="row">
27:                 <% for (Produtos produto : listaProdutos) { %>
28:                     <div class="col-sm-4 mb-4">
29:                         <div class="card">
30:                             <div class="card-body">


Stacktrace:] with root cause
	org.apache.jasper.JasperException: Unable to compile class for JSP: 

An error occurred at line: [27] in the jsp file: [/views/public/listaProdutos.jsp]
listaProdutos cannot be resolved to a variable
24:             <h1>Lista de Produtos</h1>
25: 
26:             <div class="row">
27:                 <% for (Produtos produto : listaProdutos) { %>
28:                     <div class="col-sm-4 mb-4">
29:                         <div class="card">
30:                             <div class="card-body">


Stacktrace:
		at org.apache.jasper.compiler.DefaultErrorHandler.javacError(DefaultErrorHandler.java:102)
		at org.apache.jasper.compiler.ErrorDispatcher.javacError(ErrorDispatcher.java:214)
		at org.apache.jasper.compiler.JDTCompiler.generateClass(JDTCompiler.java:611)
		at org.apache.jasper.compiler.Compiler.compile(Compiler.java:381)
		at org.apache.jasper.compiler.Compiler.compile(Compiler.java:351)
		at org.apache.jasper.compiler.Compiler.compile(Compiler.java:335)
		at org.apache.jasper.JspCompilationContext.compile(JspCompilationContext.java:597)
		at org.apache.jasper.servlet.JspServletWrapper.service(JspServletWrapper.java:398)
		at org.apache.jasper.servlet.JspServlet.serviceJspFile(JspServlet.java:383)
		at org.apache.jasper.servlet.JspServlet.service(JspServlet.java:331)
		at javax.servlet.http.HttpServlet.service(HttpServlet.java:583)
		at org.apache.catalina.core.ApplicationFilterChain.internalDoFilter(ApplicationFilterChain.java:212)
		at org.apache.catalina.core.ApplicationFilterChain.doFilter(ApplicationFilterChain.java:156)
		at org.apache.tomcat.websocket.server.WsFilter.doFilter(WsFilter.java:51)
		at org.apache.catalina.core.ApplicationFilterChain.internalDoFilter(ApplicationFilterChain.java:181)
		at org.apache.catalina.core.ApplicationFilterChain.doFilter(ApplicationFilterChain.java:156)
		at org.apache.catalina.core.ApplicationDispatcher.invoke(ApplicationDispatcher.java:662)
		at org.apache.catalina.core.ApplicationDispatcher.processRequest(ApplicationDispatcher.java:428)
		at org.apache.catalina.core.ApplicationDispatcher.doForward(ApplicationDispatcher.java:360)
		at org.apache.catalina.core.ApplicationDispatcher.forward(ApplicationDispatcher.java:297)
		at controller.MostrarProdutos.doGet(MostrarProdutos.java:24)
		at javax.servlet.http.HttpServlet.service(HttpServlet.java:489)
		at javax.servlet.http.HttpServlet.service(HttpServlet.java:583)
		at org.apache.catalina.core.ApplicationFilterChain.internalDoFilter(ApplicationFilterChain.java:212)
		at org.apache.catalina.core.ApplicationFilterChain.doFilter(ApplicationFilterChain.java:156)
		at org.apache.tomcat.websocket.server.WsFilter.doFilter(WsFilter.java:51)
		at org.apache.catalina.core.ApplicationFilterChain.internalDoFilter(ApplicationFilterChain.java:181)
		at org.apache.catalina.core.ApplicationFilterChain.doFilter(ApplicationFilterChain.java:156)
		at org.apache.catalina.core.StandardWrapperValve.invoke(StandardWrapperValve.java:168)
		at org.apache.catalina.core.StandardContextValve.invoke(StandardContextValve.java:90)
		at org.apache.catalina.authenticator.AuthenticatorBase.invoke(AuthenticatorBase.java:483)
		at org.apache.catalina.core.StandardHostValve.invoke(StandardHostValve.java:130)
		at org.apache.catalina.valves.ErrorReportValve.invoke(ErrorReportValve.java:93)
		at org.apache.catalina.valves.AbstractAccessLogValve.invoke(AbstractAccessLogValve.java:679)
		at org.apache.catalina.core.StandardEngineValve.invoke(StandardEngineValve.java:74)
		at org.apache.catalina.connector.CoyoteAdapter.service(CoyoteAdapter.java:346)
		at org.apache.coyote.http11.Http11Processor.service(Http11Processor.java:617)
		at org.apache.coyote.AbstractProcessorLight.process(AbstractProcessorLight.java:63)
		at org.apache.coyote.AbstractProtocol$ConnectionHandler.process(AbstractProtocol.java:934)
		at org.apache.tomcat.util.net.NioEndpoint$SocketProcessor.doRun(NioEndpoint.java:1690)
		at org.apache.tomcat.util.net.SocketProcessorBase.run(SocketProcessorBase.java:52)
		at org.apache.tomcat.util.threads.ThreadPoolExecutor.runWorker(ThreadPoolExecutor.java:1191)
		at org.apache.tomcat.util.threads.ThreadPoolExecutor$Worker.run(ThreadPoolExecutor.java:659)
		at org.apache.tomcat.util.threads.TaskThread$WrappingRunnable.run(TaskThread.java:63)
		at java.base/java.lang.Thread.run(Thread.java:840)
24-Jun-2024 01:28:41.091 GRAVE [http-nio-8080-exec-62] org.apache.catalina.core.ApplicationDispatcher.invoke Servlet.service() for servlet [jsp] threw exception
	org.apache.jasper.JasperException: Unable to compile class for JSP: 

An error occurred at line: [27] in the jsp file: [/views/public/listaProdutos.jsp]
listaProdutos cannot be resolved to a variable
24:             <h1>Lista de Produtos</h1>
25: 
26:             <div class="row">
27:                 <% for (Produtos produto : listaProdutos) { %>
28:                     <div class="col-sm-4 mb-4">
29:                         <div class="card">
30:                             <div class="card-body">


Stacktrace:
		at org.apache.jasper.compiler.DefaultErrorHandler.javacError(DefaultErrorHandler.java:102)
		at org.apache.jasper.compiler.ErrorDispatcher.javacError(ErrorDispatcher.java:214)
		at org.apache.jasper.compiler.JDTCompiler.generateClass(JDTCompiler.java:611)
		at org.apache.jasper.compiler.Compiler.compile(Compiler.java:381)
		at org.apache.jasper.compiler.Compiler.compile(Compiler.java:351)
		at org.apache.jasper.compiler.Compiler.compile(Compiler.java:335)
		at org.apache.jasper.JspCompilationContext.compile(JspCompilationContext.java:597)
		at org.apache.jasper.servlet.JspServletWrapper.service(JspServletWrapper.java:398)
		at org.apache.jasper.servlet.JspServlet.serviceJspFile(JspServlet.java:383)
		at org.apache.jasper.servlet.JspServlet.service(JspServlet.java:331)
		at javax.servlet.http.HttpServlet.service(HttpServlet.java:583)
		at org.apache.catalina.core.ApplicationFilterChain.internalDoFilter(ApplicationFilterChain.java:212)
		at org.apache.catalina.core.ApplicationFilterChain.doFilter(ApplicationFilterChain.java:156)
		at org.apache.tomcat.websocket.server.WsFilter.doFilter(WsFilter.java:51)
		at org.apache.catalina.core.ApplicationFilterChain.internalDoFilter(ApplicationFilterChain.java:181)
		at org.apache.catalina.core.ApplicationFilterChain.doFilter(ApplicationFilterChain.java:156)
		at org.apache.catalina.core.ApplicationDispatcher.invoke(ApplicationDispatcher.java:662)
		at org.apache.catalina.core.ApplicationDispatcher.processRequest(ApplicationDispatcher.java:428)
		at org.apache.catalina.core.ApplicationDispatcher.doForward(ApplicationDispatcher.java:360)
		at org.apache.catalina.core.ApplicationDispatcher.forward(ApplicationDispatcher.java:297)
		at controller.MostrarProdutos.doGet(MostrarProdutos.java:24)
		at javax.servlet.http.HttpServlet.service(HttpServlet.java:489)
		at javax.servlet.http.HttpServlet.service(HttpServlet.java:583)
		at org.apache.catalina.core.ApplicationFilterChain.internalDoFilter(ApplicationFilterChain.java:212)
		at org.apache.catalina.core.ApplicationFilterChain.doFilter(ApplicationFilterChain.java:156)
		at org.apache.tomcat.websocket.server.WsFilter.doFilter(WsFilter.java:51)
		at org.apache.catalina.core.ApplicationFilterChain.internalDoFilter(ApplicationFilterChain.java:181)
		at org.apache.catalina.core.ApplicationFilterChain.doFilter(ApplicationFilterChain.java:156)
		at org.apache.catalina.core.StandardWrapperValve.invoke(StandardWrapperValve.java:168)
		at org.apache.catalina.core.StandardContextValve.invoke(StandardContextValve.java:90)
		at org.apache.catalina.authenticator.AuthenticatorBase.invoke(AuthenticatorBase.java:483)
		at org.apache.catalina.core.StandardHostValve.invoke(StandardHostValve.java:130)
		at org.apache.catalina.valves.ErrorReportValve.invoke(ErrorReportValve.java:93)
		at org.apache.catalina.valves.AbstractAccessLogValve.invoke(AbstractAccessLogValve.java:679)
		at org.apache.catalina.core.StandardEngineValve.invoke(StandardEngineValve.java:74)
		at org.apache.catalina.connector.CoyoteAdapter.service(CoyoteAdapter.java:346)
		at org.apache.coyote.http11.Http11Processor.service(Http11Processor.java:617)
		at org.apache.coyote.AbstractProcessorLight.process(AbstractProcessorLight.java:63)
		at org.apache.coyote.AbstractProtocol$ConnectionHandler.process(AbstractProtocol.java:934)
		at org.apache.tomcat.util.net.NioEndpoint$SocketProcessor.doRun(NioEndpoint.java:1690)
		at org.apache.tomcat.util.net.SocketProcessorBase.run(SocketProcessorBase.java:52)
		at org.apache.tomcat.util.threads.ThreadPoolExecutor.runWorker(ThreadPoolExecutor.java:1191)
		at org.apache.tomcat.util.threads.ThreadPoolExecutor$Worker.run(ThreadPoolExecutor.java:659)
		at org.apache.tomcat.util.threads.TaskThread$WrappingRunnable.run(TaskThread.java:63)
		at java.base/java.lang.Thread.run(Thread.java:840)
24-Jun-2024 01:28:41.091 GRAVE [http-nio-8080-exec-62] org.apache.catalina.core.StandardWrapperValve.invoke Servlet.service() for servlet [MostrarProdutos] in context with path [/trabalhoFinal] threw exception [Unable to compile class for JSP: 

An error occurred at line: [27] in the jsp file: [/views/public/listaProdutos.jsp]
listaProdutos cannot be resolved to a variable
24:             <h1>Lista de Produtos</h1>
25: 
26:             <div class="row">
27:                 <% for (Produtos produto : listaProdutos) { %>
28:                     <div class="col-sm-4 mb-4">
29:                         <div class="card">
30:                             <div class="card-body">


Stacktrace:] with root cause
	org.apache.jasper.JasperException: Unable to compile class for JSP: 

An error occurred at line: [27] in the jsp file: [/views/public/listaProdutos.jsp]
listaProdutos cannot be resolved to a variable
24:             <h1>Lista de Produtos</h1>
25: 
26:             <div class="row">
27:                 <% for (Produtos produto : listaProdutos) { %>
28:                     <div class="col-sm-4 mb-4">
29:                         <div class="card">
30:                             <div class="card-body">


Stacktrace:
		at org.apache.jasper.compiler.DefaultErrorHandler.javacError(DefaultErrorHandler.java:102)
		at org.apache.jasper.compiler.ErrorDispatcher.javacError(ErrorDispatcher.java:214)
		at org.apache.jasper.compiler.JDTCompiler.generateClass(JDTCompiler.java:611)
		at org.apache.jasper.compiler.Compiler.compile(Compiler.java:381)
		at org.apache.jasper.compiler.Compiler.compile(Compiler.java:351)
		at org.apache.jasper.compiler.Compiler.compile(Compiler.java:335)
		at org.apache.jasper.JspCompilationContext.compile(JspCompilationContext.java:597)
		at org.apache.jasper.servlet.JspServletWrapper.service(JspServletWrapper.java:398)
		at org.apache.jasper.servlet.JspServlet.serviceJspFile(JspServlet.java:383)
		at org.apache.jasper.servlet.JspServlet.service(JspServlet.java:331)
		at javax.servlet.http.HttpServlet.service(HttpServlet.java:583)
		at org.apache.catalina.core.ApplicationFilterChain.internalDoFilter(ApplicationFilterChain.java:212)
		at org.apache.catalina.core.ApplicationFilterChain.doFilter(ApplicationFilterChain.java:156)
		at org.apache.tomcat.websocket.server.WsFilter.doFilter(WsFilter.java:51)
		at org.apache.catalina.core.ApplicationFilterChain.internalDoFilter(ApplicationFilterChain.java:181)
		at org.apache.catalina.core.ApplicationFilterChain.doFilter(ApplicationFilterChain.java:156)
		at org.apache.catalina.core.ApplicationDispatcher.invoke(ApplicationDispatcher.java:662)
		at org.apache.catalina.core.ApplicationDispatcher.processRequest(ApplicationDispatcher.java:428)
		at org.apache.catalina.core.ApplicationDispatcher.doForward(ApplicationDispatcher.java:360)
		at org.apache.catalina.core.ApplicationDispatcher.forward(ApplicationDispatcher.java:297)
		at controller.MostrarProdutos.doGet(MostrarProdutos.java:24)
		at javax.servlet.http.HttpServlet.service(HttpServlet.java:489)
		at javax.servlet.http.HttpServlet.service(HttpServlet.java:583)
		at org.apache.catalina.core.ApplicationFilterChain.internalDoFilter(ApplicationFilterChain.java:212)
		at org.apache.catalina.core.ApplicationFilterChain.doFilter(ApplicationFilterChain.java:156)
		at org.apache.tomcat.websocket.server.WsFilter.doFilter(WsFilter.java:51)
		at org.apache.catalina.core.ApplicationFilterChain.internalDoFilter(ApplicationFilterChain.java:181)
		at org.apache.catalina.core.ApplicationFilterChain.doFilter(ApplicationFilterChain.java:156)
		at org.apache.catalina.core.StandardWrapperValve.invoke(StandardWrapperValve.java:168)
		at org.apache.catalina.core.StandardContextValve.invoke(StandardContextValve.java:90)
		at org.apache.catalina.authenticator.AuthenticatorBase.invoke(AuthenticatorBase.java:483)
		at org.apache.catalina.core.StandardHostValve.invoke(StandardHostValve.java:130)
		at org.apache.catalina.valves.ErrorReportValve.invoke(ErrorReportValve.java:93)
		at org.apache.catalina.valves.AbstractAccessLogValve.invoke(AbstractAccessLogValve.java:679)
		at org.apache.catalina.core.StandardEngineValve.invoke(StandardEngineValve.java:74)
		at org.apache.catalina.connector.CoyoteAdapter.service(CoyoteAdapter.java:346)
		at org.apache.coyote.http11.Http11Processor.service(Http11Processor.java:617)
		at org.apache.coyote.AbstractProcessorLight.process(AbstractProcessorLight.java:63)
		at org.apache.coyote.AbstractProtocol$ConnectionHandler.process(AbstractProtocol.java:934)
		at org.apache.tomcat.util.net.NioEndpoint$SocketProcessor.doRun(NioEndpoint.java:1690)
		at org.apache.tomcat.util.net.SocketProcessorBase.run(SocketProcessorBase.java:52)
		at org.apache.tomcat.util.threads.ThreadPoolExecutor.runWorker(ThreadPoolExecutor.java:1191)
		at org.apache.tomcat.util.threads.ThreadPoolExecutor$Worker.run(ThreadPoolExecutor.java:659)
		at org.apache.tomcat.util.threads.TaskThread$WrappingRunnable.run(TaskThread.java:63)
		at java.base/java.lang.Thread.run(Thread.java:840)
24-Jun-2024 01:44:13.997 GRAVE [http-nio-8080-exec-78] org.apache.catalina.core.ApplicationDispatcher.invoke Servlet.service() for servlet [jsp] threw exception
	org.apache.jasper.JasperException: Unable to compile class for JSP: 

An error occurred at line: [27] in the jsp file: [/views/public/listaProdutos.jsp]
listaProdutos cannot be resolved to a variable
24:             <h1>Lista de Produtos</h1>
25: 
26:             <div class="row">
27:                 <% for (Produtos produto : listaProdutos) { %>
28:                     <div class="col-sm-4 mb-4">
29:                         <div class="card">
30:                             <div class="card-body">


Stacktrace:
		at org.apache.jasper.compiler.DefaultErrorHandler.javacError(DefaultErrorHandler.java:102)
		at org.apache.jasper.compiler.ErrorDispatcher.javacError(ErrorDispatcher.java:214)
		at org.apache.jasper.compiler.JDTCompiler.generateClass(JDTCompiler.java:611)
		at org.apache.jasper.compiler.Compiler.compile(Compiler.java:381)
		at org.apache.jasper.compiler.Compiler.compile(Compiler.java:351)
		at org.apache.jasper.compiler.Compiler.compile(Compiler.java:335)
		at org.apache.jasper.JspCompilationContext.compile(JspCompilationContext.java:597)
		at org.apache.jasper.servlet.JspServletWrapper.service(JspServletWrapper.java:398)
		at org.apache.jasper.servlet.JspServlet.serviceJspFile(JspServlet.java:383)
		at org.apache.jasper.servlet.JspServlet.service(JspServlet.java:331)
		at javax.servlet.http.HttpServlet.service(HttpServlet.java:583)
		at org.apache.catalina.core.ApplicationFilterChain.internalDoFilter(ApplicationFilterChain.java:212)
		at org.apache.catalina.core.ApplicationFilterChain.doFilter(ApplicationFilterChain.java:156)
		at org.apache.tomcat.websocket.server.WsFilter.doFilter(WsFilter.java:51)
		at org.apache.catalina.core.ApplicationFilterChain.internalDoFilter(ApplicationFilterChain.java:181)
		at org.apache.catalina.core.ApplicationFilterChain.doFilter(ApplicationFilterChain.java:156)
		at org.apache.catalina.core.ApplicationDispatcher.invoke(ApplicationDispatcher.java:662)
		at org.apache.catalina.core.ApplicationDispatcher.processRequest(ApplicationDispatcher.java:428)
		at org.apache.catalina.core.ApplicationDispatcher.doForward(ApplicationDispatcher.java:360)
		at org.apache.catalina.core.ApplicationDispatcher.forward(ApplicationDispatcher.java:297)
		at controller.MostrarProdutos.doGet(MostrarProdutos.java:25)
		at javax.servlet.http.HttpServlet.service(HttpServlet.java:489)
		at javax.servlet.http.HttpServlet.service(HttpServlet.java:583)
		at org.apache.catalina.core.ApplicationFilterChain.internalDoFilter(ApplicationFilterChain.java:212)
		at org.apache.catalina.core.ApplicationFilterChain.doFilter(ApplicationFilterChain.java:156)
		at org.apache.tomcat.websocket.server.WsFilter.doFilter(WsFilter.java:51)
		at org.apache.catalina.core.ApplicationFilterChain.internalDoFilter(ApplicationFilterChain.java:181)
		at org.apache.catalina.core.ApplicationFilterChain.doFilter(ApplicationFilterChain.java:156)
		at org.apache.catalina.core.StandardWrapperValve.invoke(StandardWrapperValve.java:168)
		at org.apache.catalina.core.StandardContextValve.invoke(StandardContextValve.java:90)
		at org.apache.catalina.authenticator.AuthenticatorBase.invoke(AuthenticatorBase.java:483)
		at org.apache.catalina.core.StandardHostValve.invoke(StandardHostValve.java:130)
		at org.apache.catalina.valves.ErrorReportValve.invoke(ErrorReportValve.java:93)
		at org.apache.catalina.valves.AbstractAccessLogValve.invoke(AbstractAccessLogValve.java:679)
		at org.apache.catalina.core.StandardEngineValve.invoke(StandardEngineValve.java:74)
		at org.apache.catalina.connector.CoyoteAdapter.service(CoyoteAdapter.java:346)
		at org.apache.coyote.http11.Http11Processor.service(Http11Processor.java:617)
		at org.apache.coyote.AbstractProcessorLight.process(AbstractProcessorLight.java:63)
		at org.apache.coyote.AbstractProtocol$ConnectionHandler.process(AbstractProtocol.java:934)
		at org.apache.tomcat.util.net.NioEndpoint$SocketProcessor.doRun(NioEndpoint.java:1690)
		at org.apache.tomcat.util.net.SocketProcessorBase.run(SocketProcessorBase.java:52)
		at org.apache.tomcat.util.threads.ThreadPoolExecutor.runWorker(ThreadPoolExecutor.java:1191)
		at org.apache.tomcat.util.threads.ThreadPoolExecutor$Worker.run(ThreadPoolExecutor.java:659)
		at org.apache.tomcat.util.threads.TaskThread$WrappingRunnable.run(TaskThread.java:63)
		at java.base/java.lang.Thread.run(Thread.java:840)
24-Jun-2024 01:44:13.997 GRAVE [http-nio-8080-exec-78] org.apache.catalina.core.StandardWrapperValve.invoke Servlet.service() for servlet [MostrarProdutos] in context with path [/trabalhoFinal] threw exception [Unable to compile class for JSP: 

An error occurred at line: [27] in the jsp file: [/views/public/listaProdutos.jsp]
listaProdutos cannot be resolved to a variable
24:             <h1>Lista de Produtos</h1>
25: 
26:             <div class="row">
27:                 <% for (Produtos produto : listaProdutos) { %>
28:                     <div class="col-sm-4 mb-4">
29:                         <div class="card">
30:                             <div class="card-body">


Stacktrace:] with root cause
	org.apache.jasper.JasperException: Unable to compile class for JSP: 

An error occurred at line: [27] in the jsp file: [/views/public/listaProdutos.jsp]
listaProdutos cannot be resolved to a variable
24:             <h1>Lista de Produtos</h1>
25: 
26:             <div class="row">
27:                 <% for (Produtos produto : listaProdutos) { %>
28:                     <div class="col-sm-4 mb-4">
29:                         <div class="card">
30:                             <div class="card-body">


Stacktrace:
		at org.apache.jasper.compiler.DefaultErrorHandler.javacError(DefaultErrorHandler.java:102)
		at org.apache.jasper.compiler.ErrorDispatcher.javacError(ErrorDispatcher.java:214)
		at org.apache.jasper.compiler.JDTCompiler.generateClass(JDTCompiler.java:611)
		at org.apache.jasper.compiler.Compiler.compile(Compiler.java:381)
		at org.apache.jasper.compiler.Compiler.compile(Compiler.java:351)
		at org.apache.jasper.compiler.Compiler.compile(Compiler.java:335)
		at org.apache.jasper.JspCompilationContext.compile(JspCompilationContext.java:597)
		at org.apache.jasper.servlet.JspServletWrapper.service(JspServletWrapper.java:398)
		at org.apache.jasper.servlet.JspServlet.serviceJspFile(JspServlet.java:383)
		at org.apache.jasper.servlet.JspServlet.service(JspServlet.java:331)
		at javax.servlet.http.HttpServlet.service(HttpServlet.java:583)
		at org.apache.catalina.core.ApplicationFilterChain.internalDoFilter(ApplicationFilterChain.java:212)
		at org.apache.catalina.core.ApplicationFilterChain.doFilter(ApplicationFilterChain.java:156)
		at org.apache.tomcat.websocket.server.WsFilter.doFilter(WsFilter.java:51)
		at org.apache.catalina.core.ApplicationFilterChain.internalDoFilter(ApplicationFilterChain.java:181)
		at org.apache.catalina.core.ApplicationFilterChain.doFilter(ApplicationFilterChain.java:156)
		at org.apache.catalina.core.ApplicationDispatcher.invoke(ApplicationDispatcher.java:662)
		at org.apache.catalina.core.ApplicationDispatcher.processRequest(ApplicationDispatcher.java:428)
		at org.apache.catalina.core.ApplicationDispatcher.doForward(ApplicationDispatcher.java:360)
		at org.apache.catalina.core.ApplicationDispatcher.forward(ApplicationDispatcher.java:297)
		at controller.MostrarProdutos.doGet(MostrarProdutos.java:25)
		at javax.servlet.http.HttpServlet.service(HttpServlet.java:489)
		at javax.servlet.http.HttpServlet.service(HttpServlet.java:583)
		at org.apache.catalina.core.ApplicationFilterChain.internalDoFilter(ApplicationFilterChain.java:212)
		at org.apache.catalina.core.ApplicationFilterChain.doFilter(ApplicationFilterChain.java:156)
		at org.apache.tomcat.websocket.server.WsFilter.doFilter(WsFilter.java:51)
		at org.apache.catalina.core.ApplicationFilterChain.internalDoFilter(ApplicationFilterChain.java:181)
		at org.apache.catalina.core.ApplicationFilterChain.doFilter(ApplicationFilterChain.java:156)
		at org.apache.catalina.core.StandardWrapperValve.invoke(StandardWrapperValve.java:168)
		at org.apache.catalina.core.StandardContextValve.invoke(StandardContextValve.java:90)
		at org.apache.catalina.authenticator.AuthenticatorBase.invoke(AuthenticatorBase.java:483)
		at org.apache.catalina.core.StandardHostValve.invoke(StandardHostValve.java:130)
		at org.apache.catalina.valves.ErrorReportValve.invoke(ErrorReportValve.java:93)
		at org.apache.catalina.valves.AbstractAccessLogValve.invoke(AbstractAccessLogValve.java:679)
		at org.apache.catalina.core.StandardEngineValve.invoke(StandardEngineValve.java:74)
		at org.apache.catalina.connector.CoyoteAdapter.service(CoyoteAdapter.java:346)
		at org.apache.coyote.http11.Http11Processor.service(Http11Processor.java:617)
		at org.apache.coyote.AbstractProcessorLight.process(AbstractProcessorLight.java:63)
		at org.apache.coyote.AbstractProtocol$ConnectionHandler.process(AbstractProtocol.java:934)
		at org.apache.tomcat.util.net.NioEndpoint$SocketProcessor.doRun(NioEndpoint.java:1690)
		at org.apache.tomcat.util.net.SocketProcessorBase.run(SocketProcessorBase.java:52)
		at org.apache.tomcat.util.threads.ThreadPoolExecutor.runWorker(ThreadPoolExecutor.java:1191)
		at org.apache.tomcat.util.threads.ThreadPoolExecutor$Worker.run(ThreadPoolExecutor.java:659)
		at org.apache.tomcat.util.threads.TaskThread$WrappingRunnable.run(TaskThread.java:63)
		at java.base/java.lang.Thread.run(Thread.java:840)
24-Jun-2024 01:48:37.670 GRAVE [http-nio-8080-exec-93] org.apache.catalina.core.ApplicationDispatcher.invoke Servlet.service() for servlet [jsp] threw exception
	org.apache.jasper.JasperException: Unable to compile class for JSP: 

An error occurred at line: [27] in the jsp file: [/views/public/listaProdutos.jsp]
listaProdutos cannot be resolved to a variable
24:             <h1>Lista de Produtos</h1>
25: 
26:             <div class="row">
27:                 <% for (Produtos produto : listaProdutos) { %>
28:                     <div class="col-sm-4 mb-4">
29:                         <div class="card">
30:                             <div class="card-body">


Stacktrace:
		at org.apache.jasper.compiler.DefaultErrorHandler.javacError(DefaultErrorHandler.java:102)
		at org.apache.jasper.compiler.ErrorDispatcher.javacError(ErrorDispatcher.java:214)
		at org.apache.jasper.compiler.JDTCompiler.generateClass(JDTCompiler.java:611)
		at org.apache.jasper.compiler.Compiler.compile(Compiler.java:381)
		at org.apache.jasper.compiler.Compiler.compile(Compiler.java:351)
		at org.apache.jasper.compiler.Compiler.compile(Compiler.java:335)
		at org.apache.jasper.JspCompilationContext.compile(JspCompilationContext.java:597)
		at org.apache.jasper.servlet.JspServletWrapper.service(JspServletWrapper.java:398)
		at org.apache.jasper.servlet.JspServlet.serviceJspFile(JspServlet.java:383)
		at org.apache.jasper.servlet.JspServlet.service(JspServlet.java:331)
		at javax.servlet.http.HttpServlet.service(HttpServlet.java:583)
		at org.apache.catalina.core.ApplicationFilterChain.internalDoFilter(ApplicationFilterChain.java:212)
		at org.apache.catalina.core.ApplicationFilterChain.doFilter(ApplicationFilterChain.java:156)
		at org.apache.tomcat.websocket.server.WsFilter.doFilter(WsFilter.java:51)
		at org.apache.catalina.core.ApplicationFilterChain.internalDoFilter(ApplicationFilterChain.java:181)
		at org.apache.catalina.core.ApplicationFilterChain.doFilter(ApplicationFilterChain.java:156)
		at org.apache.catalina.core.ApplicationDispatcher.invoke(ApplicationDispatcher.java:662)
		at org.apache.catalina.core.ApplicationDispatcher.processRequest(ApplicationDispatcher.java:428)
		at org.apache.catalina.core.ApplicationDispatcher.doForward(ApplicationDispatcher.java:360)
		at org.apache.catalina.core.ApplicationDispatcher.forward(ApplicationDispatcher.java:297)
		at controller.MostrarProdutos.doGet(MostrarProdutos.java:25)
		at javax.servlet.http.HttpServlet.service(HttpServlet.java:489)
		at javax.servlet.http.HttpServlet.service(HttpServlet.java:583)
		at org.apache.catalina.core.ApplicationFilterChain.internalDoFilter(ApplicationFilterChain.java:212)
		at org.apache.catalina.core.ApplicationFilterChain.doFilter(ApplicationFilterChain.java:156)
		at org.apache.tomcat.websocket.server.WsFilter.doFilter(WsFilter.java:51)
		at org.apache.catalina.core.ApplicationFilterChain.internalDoFilter(ApplicationFilterChain.java:181)
		at org.apache.catalina.core.ApplicationFilterChain.doFilter(ApplicationFilterChain.java:156)
		at org.apache.catalina.core.StandardWrapperValve.invoke(StandardWrapperValve.java:168)
		at org.apache.catalina.core.StandardContextValve.invoke(StandardContextValve.java:90)
		at org.apache.catalina.authenticator.AuthenticatorBase.invoke(AuthenticatorBase.java:483)
		at org.apache.catalina.core.StandardHostValve.invoke(StandardHostValve.java:130)
		at org.apache.catalina.valves.ErrorReportValve.invoke(ErrorReportValve.java:93)
		at org.apache.catalina.valves.AbstractAccessLogValve.invoke(AbstractAccessLogValve.java:679)
		at org.apache.catalina.core.StandardEngineValve.invoke(StandardEngineValve.java:74)
		at org.apache.catalina.connector.CoyoteAdapter.service(CoyoteAdapter.java:346)
		at org.apache.coyote.http11.Http11Processor.service(Http11Processor.java:617)
		at org.apache.coyote.AbstractProcessorLight.process(AbstractProcessorLight.java:63)
		at org.apache.coyote.AbstractProtocol$ConnectionHandler.process(AbstractProtocol.java:934)
		at org.apache.tomcat.util.net.NioEndpoint$SocketProcessor.doRun(NioEndpoint.java:1690)
		at org.apache.tomcat.util.net.SocketProcessorBase.run(SocketProcessorBase.java:52)
		at org.apache.tomcat.util.threads.ThreadPoolExecutor.runWorker(ThreadPoolExecutor.java:1191)
		at org.apache.tomcat.util.threads.ThreadPoolExecutor$Worker.run(ThreadPoolExecutor.java:659)
		at org.apache.tomcat.util.threads.TaskThread$WrappingRunnable.run(TaskThread.java:63)
		at java.base/java.lang.Thread.run(Thread.java:840)
24-Jun-2024 01:48:37.670 GRAVE [http-nio-8080-exec-93] org.apache.catalina.core.StandardWrapperValve.invoke Servlet.service() for servlet [MostrarProdutos] in context with path [/trabalhoFinal] threw exception [Unable to compile class for JSP: 

An error occurred at line: [27] in the jsp file: [/views/public/listaProdutos.jsp]
listaProdutos cannot be resolved to a variable
24:             <h1>Lista de Produtos</h1>
25: 
26:             <div class="row">
27:                 <% for (Produtos produto : listaProdutos) { %>
28:                     <div class="col-sm-4 mb-4">
29:                         <div class="card">
30:                             <div class="card-body">


Stacktrace:] with root cause
	org.apache.jasper.JasperException: Unable to compile class for JSP: 

An error occurred at line: [27] in the jsp file: [/views/public/listaProdutos.jsp]
listaProdutos cannot be resolved to a variable
24:             <h1>Lista de Produtos</h1>
25: 
26:             <div class="row">
27:                 <% for (Produtos produto : listaProdutos) { %>
28:                     <div class="col-sm-4 mb-4">
29:                         <div class="card">
30:                             <div class="card-body">


Stacktrace:
		at org.apache.jasper.compiler.DefaultErrorHandler.javacError(DefaultErrorHandler.java:102)
		at org.apache.jasper.compiler.ErrorDispatcher.javacError(ErrorDispatcher.java:214)
		at org.apache.jasper.compiler.JDTCompiler.generateClass(JDTCompiler.java:611)
		at org.apache.jasper.compiler.Compiler.compile(Compiler.java:381)
		at org.apache.jasper.compiler.Compiler.compile(Compiler.java:351)
		at org.apache.jasper.compiler.Compiler.compile(Compiler.java:335)
		at org.apache.jasper.JspCompilationContext.compile(JspCompilationContext.java:597)
		at org.apache.jasper.servlet.JspServletWrapper.service(JspServletWrapper.java:398)
		at org.apache.jasper.servlet.JspServlet.serviceJspFile(JspServlet.java:383)
		at org.apache.jasper.servlet.JspServlet.service(JspServlet.java:331)
		at javax.servlet.http.HttpServlet.service(HttpServlet.java:583)
		at org.apache.catalina.core.ApplicationFilterChain.internalDoFilter(ApplicationFilterChain.java:212)
		at org.apache.catalina.core.ApplicationFilterChain.doFilter(ApplicationFilterChain.java:156)
		at org.apache.tomcat.websocket.server.WsFilter.doFilter(WsFilter.java:51)
		at org.apache.catalina.core.ApplicationFilterChain.internalDoFilter(ApplicationFilterChain.java:181)
		at org.apache.catalina.core.ApplicationFilterChain.doFilter(ApplicationFilterChain.java:156)
		at org.apache.catalina.core.ApplicationDispatcher.invoke(ApplicationDispatcher.java:662)
		at org.apache.catalina.core.ApplicationDispatcher.processRequest(ApplicationDispatcher.java:428)
		at org.apache.catalina.core.ApplicationDispatcher.doForward(ApplicationDispatcher.java:360)
		at org.apache.catalina.core.ApplicationDispatcher.forward(ApplicationDispatcher.java:297)
		at controller.MostrarProdutos.doGet(MostrarProdutos.java:25)
		at javax.servlet.http.HttpServlet.service(HttpServlet.java:489)
		at javax.servlet.http.HttpServlet.service(HttpServlet.java:583)
		at org.apache.catalina.core.ApplicationFilterChain.internalDoFilter(ApplicationFilterChain.java:212)
		at org.apache.catalina.core.ApplicationFilterChain.doFilter(ApplicationFilterChain.java:156)
		at org.apache.tomcat.websocket.server.WsFilter.doFilter(WsFilter.java:51)
		at org.apache.catalina.core.ApplicationFilterChain.internalDoFilter(ApplicationFilterChain.java:181)
		at org.apache.catalina.core.ApplicationFilterChain.doFilter(ApplicationFilterChain.java:156)
		at org.apache.catalina.core.StandardWrapperValve.invoke(StandardWrapperValve.java:168)
		at org.apache.catalina.core.StandardContextValve.invoke(StandardContextValve.java:90)
		at org.apache.catalina.authenticator.AuthenticatorBase.invoke(AuthenticatorBase.java:483)
		at org.apache.catalina.core.StandardHostValve.invoke(StandardHostValve.java:130)
		at org.apache.catalina.valves.ErrorReportValve.invoke(ErrorReportValve.java:93)
		at org.apache.catalina.valves.AbstractAccessLogValve.invoke(AbstractAccessLogValve.java:679)
		at org.apache.catalina.core.StandardEngineValve.invoke(StandardEngineValve.java:74)
		at org.apache.catalina.connector.CoyoteAdapter.service(CoyoteAdapter.java:346)
		at org.apache.coyote.http11.Http11Processor.service(Http11Processor.java:617)
		at org.apache.coyote.AbstractProcessorLight.process(AbstractProcessorLight.java:63)
		at org.apache.coyote.AbstractProtocol$ConnectionHandler.process(AbstractProtocol.java:934)
		at org.apache.tomcat.util.net.NioEndpoint$SocketProcessor.doRun(NioEndpoint.java:1690)
		at org.apache.tomcat.util.net.SocketProcessorBase.run(SocketProcessorBase.java:52)
		at org.apache.tomcat.util.threads.ThreadPoolExecutor.runWorker(ThreadPoolExecutor.java:1191)
		at org.apache.tomcat.util.threads.ThreadPoolExecutor$Worker.run(ThreadPoolExecutor.java:659)
		at org.apache.tomcat.util.threads.TaskThread$WrappingRunnable.run(TaskThread.java:63)
		at java.base/java.lang.Thread.run(Thread.java:840)
24-Jun-2024 01:49:47.720 GRAVE [http-nio-8080-exec-95] org.apache.catalina.core.ApplicationDispatcher.invoke Servlet.service() for servlet [jsp] threw exception
	org.apache.jasper.JasperException: Unable to compile class for JSP: 

An error occurred at line: [27] in the jsp file: [/views/public/listaProdutos.jsp]
listaProdutos cannot be resolved to a variable
24:             <h1>Lista de Produtos</h1>
25: 
26:             <div class="row">
27:                 <% for (Produtos produto : listaProdutos) { %>
28:                     <div class="col-sm-4 mb-4">
29:                         <div class="card">
30:                             <div class="card-body">


Stacktrace:
		at org.apache.jasper.compiler.DefaultErrorHandler.javacError(DefaultErrorHandler.java:102)
		at org.apache.jasper.compiler.ErrorDispatcher.javacError(ErrorDispatcher.java:214)
		at org.apache.jasper.compiler.JDTCompiler.generateClass(JDTCompiler.java:611)
		at org.apache.jasper.compiler.Compiler.compile(Compiler.java:381)
		at org.apache.jasper.compiler.Compiler.compile(Compiler.java:351)
		at org.apache.jasper.compiler.Compiler.compile(Compiler.java:335)
		at org.apache.jasper.JspCompilationContext.compile(JspCompilationContext.java:597)
		at org.apache.jasper.servlet.JspServletWrapper.service(JspServletWrapper.java:398)
		at org.apache.jasper.servlet.JspServlet.serviceJspFile(JspServlet.java:383)
		at org.apache.jasper.servlet.JspServlet.service(JspServlet.java:331)
		at javax.servlet.http.HttpServlet.service(HttpServlet.java:583)
		at org.apache.catalina.core.ApplicationFilterChain.internalDoFilter(ApplicationFilterChain.java:212)
		at org.apache.catalina.core.ApplicationFilterChain.doFilter(ApplicationFilterChain.java:156)
		at org.apache.tomcat.websocket.server.WsFilter.doFilter(WsFilter.java:51)
		at org.apache.catalina.core.ApplicationFilterChain.internalDoFilter(ApplicationFilterChain.java:181)
		at org.apache.catalina.core.ApplicationFilterChain.doFilter(ApplicationFilterChain.java:156)
		at org.apache.catalina.core.ApplicationDispatcher.invoke(ApplicationDispatcher.java:662)
		at org.apache.catalina.core.ApplicationDispatcher.processRequest(ApplicationDispatcher.java:428)
		at org.apache.catalina.core.ApplicationDispatcher.doForward(ApplicationDispatcher.java:360)
		at org.apache.catalina.core.ApplicationDispatcher.forward(ApplicationDispatcher.java:297)
		at controller.MostrarProdutos.doGet(MostrarProdutos.java:25)
		at javax.servlet.http.HttpServlet.service(HttpServlet.java:489)
		at javax.servlet.http.HttpServlet.service(HttpServlet.java:583)
		at org.apache.catalina.core.ApplicationFilterChain.internalDoFilter(ApplicationFilterChain.java:212)
		at org.apache.catalina.core.ApplicationFilterChain.doFilter(ApplicationFilterChain.java:156)
		at org.apache.tomcat.websocket.server.WsFilter.doFilter(WsFilter.java:51)
		at org.apache.catalina.core.ApplicationFilterChain.internalDoFilter(ApplicationFilterChain.java:181)
		at org.apache.catalina.core.ApplicationFilterChain.doFilter(ApplicationFilterChain.java:156)
		at org.apache.catalina.core.StandardWrapperValve.invoke(StandardWrapperValve.java:168)
		at org.apache.catalina.core.StandardContextValve.invoke(StandardContextValve.java:90)
		at org.apache.catalina.authenticator.AuthenticatorBase.invoke(AuthenticatorBase.java:483)
		at org.apache.catalina.core.StandardHostValve.invoke(StandardHostValve.java:130)
		at org.apache.catalina.valves.ErrorReportValve.invoke(ErrorReportValve.java:93)
		at org.apache.catalina.valves.AbstractAccessLogValve.invoke(AbstractAccessLogValve.java:679)
		at org.apache.catalina.core.StandardEngineValve.invoke(StandardEngineValve.java:74)
		at org.apache.catalina.connector.CoyoteAdapter.service(CoyoteAdapter.java:346)
		at org.apache.coyote.http11.Http11Processor.service(Http11Processor.java:617)
		at org.apache.coyote.AbstractProcessorLight.process(AbstractProcessorLight.java:63)
		at org.apache.coyote.AbstractProtocol$ConnectionHandler.process(AbstractProtocol.java:934)
		at org.apache.tomcat.util.net.NioEndpoint$SocketProcessor.doRun(NioEndpoint.java:1690)
		at org.apache.tomcat.util.net.SocketProcessorBase.run(SocketProcessorBase.java:52)
		at org.apache.tomcat.util.threads.ThreadPoolExecutor.runWorker(ThreadPoolExecutor.java:1191)
		at org.apache.tomcat.util.threads.ThreadPoolExecutor$Worker.run(ThreadPoolExecutor.java:659)
		at org.apache.tomcat.util.threads.TaskThread$WrappingRunnable.run(TaskThread.java:63)
		at java.base/java.lang.Thread.run(Thread.java:840)
24-Jun-2024 01:49:47.720 GRAVE [http-nio-8080-exec-95] org.apache.catalina.core.StandardWrapperValve.invoke Servlet.service() for servlet [MostrarProdutos] in context with path [/trabalhoFinal] threw exception [Unable to compile class for JSP: 

An error occurred at line: [27] in the jsp file: [/views/public/listaProdutos.jsp]
listaProdutos cannot be resolved to a variable
24:             <h1>Lista de Produtos</h1>
25: 
26:             <div class="row">
27:                 <% for (Produtos produto : listaProdutos) { %>
28:                     <div class="col-sm-4 mb-4">
29:                         <div class="card">
30:                             <div class="card-body">


Stacktrace:] with root cause
	org.apache.jasper.JasperException: Unable to compile class for JSP: 

An error occurred at line: [27] in the jsp file: [/views/public/listaProdutos.jsp]
listaProdutos cannot be resolved to a variable
24:             <h1>Lista de Produtos</h1>
25: 
26:             <div class="row">
27:                 <% for (Produtos produto : listaProdutos) { %>
28:                     <div class="col-sm-4 mb-4">
29:                         <div class="card">
30:                             <div class="card-body">


Stacktrace:
		at org.apache.jasper.compiler.DefaultErrorHandler.javacError(DefaultErrorHandler.java:102)
		at org.apache.jasper.compiler.ErrorDispatcher.javacError(ErrorDispatcher.java:214)
		at org.apache.jasper.compiler.JDTCompiler.generateClass(JDTCompiler.java:611)
		at org.apache.jasper.compiler.Compiler.compile(Compiler.java:381)
		at org.apache.jasper.compiler.Compiler.compile(Compiler.java:351)
		at org.apache.jasper.compiler.Compiler.compile(Compiler.java:335)
		at org.apache.jasper.JspCompilationContext.compile(JspCompilationContext.java:597)
		at org.apache.jasper.servlet.JspServletWrapper.service(JspServletWrapper.java:398)
		at org.apache.jasper.servlet.JspServlet.serviceJspFile(JspServlet.java:383)
		at org.apache.jasper.servlet.JspServlet.service(JspServlet.java:331)
		at javax.servlet.http.HttpServlet.service(HttpServlet.java:583)
		at org.apache.catalina.core.ApplicationFilterChain.internalDoFilter(ApplicationFilterChain.java:212)
		at org.apache.catalina.core.ApplicationFilterChain.doFilter(ApplicationFilterChain.java:156)
		at org.apache.tomcat.websocket.server.WsFilter.doFilter(WsFilter.java:51)
		at org.apache.catalina.core.ApplicationFilterChain.internalDoFilter(ApplicationFilterChain.java:181)
		at org.apache.catalina.core.ApplicationFilterChain.doFilter(ApplicationFilterChain.java:156)
		at org.apache.catalina.core.ApplicationDispatcher.invoke(ApplicationDispatcher.java:662)
		at org.apache.catalina.core.ApplicationDispatcher.processRequest(ApplicationDispatcher.java:428)
		at org.apache.catalina.core.ApplicationDispatcher.doForward(ApplicationDispatcher.java:360)
		at org.apache.catalina.core.ApplicationDispatcher.forward(ApplicationDispatcher.java:297)
		at controller.MostrarProdutos.doGet(MostrarProdutos.java:25)
		at javax.servlet.http.HttpServlet.service(HttpServlet.java:489)
		at javax.servlet.http.HttpServlet.service(HttpServlet.java:583)
		at org.apache.catalina.core.ApplicationFilterChain.internalDoFilter(ApplicationFilterChain.java:212)
		at org.apache.catalina.core.ApplicationFilterChain.doFilter(ApplicationFilterChain.java:156)
		at org.apache.tomcat.websocket.server.WsFilter.doFilter(WsFilter.java:51)
		at org.apache.catalina.core.ApplicationFilterChain.internalDoFilter(ApplicationFilterChain.java:181)
		at org.apache.catalina.core.ApplicationFilterChain.doFilter(ApplicationFilterChain.java:156)
		at org.apache.catalina.core.StandardWrapperValve.invoke(StandardWrapperValve.java:168)
		at org.apache.catalina.core.StandardContextValve.invoke(StandardContextValve.java:90)
		at org.apache.catalina.authenticator.AuthenticatorBase.invoke(AuthenticatorBase.java:483)
		at org.apache.catalina.core.StandardHostValve.invoke(StandardHostValve.java:130)
		at org.apache.catalina.valves.ErrorReportValve.invoke(ErrorReportValve.java:93)
		at org.apache.catalina.valves.AbstractAccessLogValve.invoke(AbstractAccessLogValve.java:679)
		at org.apache.catalina.core.StandardEngineValve.invoke(StandardEngineValve.java:74)
		at org.apache.catalina.connector.CoyoteAdapter.service(CoyoteAdapter.java:346)
		at org.apache.coyote.http11.Http11Processor.service(Http11Processor.java:617)
		at org.apache.coyote.AbstractProcessorLight.process(AbstractProcessorLight.java:63)
		at org.apache.coyote.AbstractProtocol$ConnectionHandler.process(AbstractProtocol.java:934)
		at org.apache.tomcat.util.net.NioEndpoint$SocketProcessor.doRun(NioEndpoint.java:1690)
		at org.apache.tomcat.util.net.SocketProcessorBase.run(SocketProcessorBase.java:52)
		at org.apache.tomcat.util.threads.ThreadPoolExecutor.runWorker(ThreadPoolExecutor.java:1191)
		at org.apache.tomcat.util.threads.ThreadPoolExecutor$Worker.run(ThreadPoolExecutor.java:659)
		at org.apache.tomcat.util.threads.TaskThread$WrappingRunnable.run(TaskThread.java:63)
		at java.base/java.lang.Thread.run(Thread.java:840)
24-Jun-2024 01:53:21.250 GRAVE [http-nio-8080-exec-92] org.apache.catalina.core.ApplicationDispatcher.invoke Servlet.service() for servlet [jsp] threw exception
	org.apache.jasper.JasperException: Unable to compile class for JSP: 

An error occurred at line: [27] in the jsp file: [/views/public/listaProdutos.jsp]
allProdutos cannot be resolved to a variable
24:             <h1>Lista de Produtos</h1>
25: 
26:             <div class="row">
27:                 <% for (Produtos produto : allProdutos) { %>
28:                     <div class="col-sm-4 mb-4">
29:                         <div class="card">
30:                             <div class="card-body">


Stacktrace:
		at org.apache.jasper.compiler.DefaultErrorHandler.javacError(DefaultErrorHandler.java:102)
		at org.apache.jasper.compiler.ErrorDispatcher.javacError(ErrorDispatcher.java:214)
		at org.apache.jasper.compiler.JDTCompiler.generateClass(JDTCompiler.java:611)
		at org.apache.jasper.compiler.Compiler.compile(Compiler.java:381)
		at org.apache.jasper.compiler.Compiler.compile(Compiler.java:351)
		at org.apache.jasper.compiler.Compiler.compile(Compiler.java:335)
		at org.apache.jasper.JspCompilationContext.compile(JspCompilationContext.java:597)
		at org.apache.jasper.servlet.JspServletWrapper.service(JspServletWrapper.java:398)
		at org.apache.jasper.servlet.JspServlet.serviceJspFile(JspServlet.java:383)
		at org.apache.jasper.servlet.JspServlet.service(JspServlet.java:331)
		at javax.servlet.http.HttpServlet.service(HttpServlet.java:583)
		at org.apache.catalina.core.ApplicationFilterChain.internalDoFilter(ApplicationFilterChain.java:212)
		at org.apache.catalina.core.ApplicationFilterChain.doFilter(ApplicationFilterChain.java:156)
		at org.apache.tomcat.websocket.server.WsFilter.doFilter(WsFilter.java:51)
		at org.apache.catalina.core.ApplicationFilterChain.internalDoFilter(ApplicationFilterChain.java:181)
		at org.apache.catalina.core.ApplicationFilterChain.doFilter(ApplicationFilterChain.java:156)
		at org.apache.catalina.core.ApplicationDispatcher.invoke(ApplicationDispatcher.java:662)
		at org.apache.catalina.core.ApplicationDispatcher.processRequest(ApplicationDispatcher.java:428)
		at org.apache.catalina.core.ApplicationDispatcher.doForward(ApplicationDispatcher.java:360)
		at org.apache.catalina.core.ApplicationDispatcher.forward(ApplicationDispatcher.java:297)
		at controller.MostrarProdutos.doGet(MostrarProdutos.java:25)
		at javax.servlet.http.HttpServlet.service(HttpServlet.java:489)
		at javax.servlet.http.HttpServlet.service(HttpServlet.java:583)
		at org.apache.catalina.core.ApplicationFilterChain.internalDoFilter(ApplicationFilterChain.java:212)
		at org.apache.catalina.core.ApplicationFilterChain.doFilter(ApplicationFilterChain.java:156)
		at org.apache.tomcat.websocket.server.WsFilter.doFilter(WsFilter.java:51)
		at org.apache.catalina.core.ApplicationFilterChain.internalDoFilter(ApplicationFilterChain.java:181)
		at org.apache.catalina.core.ApplicationFilterChain.doFilter(ApplicationFilterChain.java:156)
		at org.apache.catalina.core.StandardWrapperValve.invoke(StandardWrapperValve.java:168)
		at org.apache.catalina.core.StandardContextValve.invoke(StandardContextValve.java:90)
		at org.apache.catalina.authenticator.AuthenticatorBase.invoke(AuthenticatorBase.java:483)
		at org.apache.catalina.core.StandardHostValve.invoke(StandardHostValve.java:130)
		at org.apache.catalina.valves.ErrorReportValve.invoke(ErrorReportValve.java:93)
		at org.apache.catalina.valves.AbstractAccessLogValve.invoke(AbstractAccessLogValve.java:679)
		at org.apache.catalina.core.StandardEngineValve.invoke(StandardEngineValve.java:74)
		at org.apache.catalina.connector.CoyoteAdapter.service(CoyoteAdapter.java:346)
		at org.apache.coyote.http11.Http11Processor.service(Http11Processor.java:617)
		at org.apache.coyote.AbstractProcessorLight.process(AbstractProcessorLight.java:63)
		at org.apache.coyote.AbstractProtocol$ConnectionHandler.process(AbstractProtocol.java:934)
		at org.apache.tomcat.util.net.NioEndpoint$SocketProcessor.doRun(NioEndpoint.java:1690)
		at org.apache.tomcat.util.net.SocketProcessorBase.run(SocketProcessorBase.java:52)
		at org.apache.tomcat.util.threads.ThreadPoolExecutor.runWorker(ThreadPoolExecutor.java:1191)
		at org.apache.tomcat.util.threads.ThreadPoolExecutor$Worker.run(ThreadPoolExecutor.java:659)
		at org.apache.tomcat.util.threads.TaskThread$WrappingRunnable.run(TaskThread.java:63)
		at java.base/java.lang.Thread.run(Thread.java:840)
24-Jun-2024 01:53:21.250 GRAVE [http-nio-8080-exec-92] org.apache.catalina.core.StandardWrapperValve.invoke Servlet.service() for servlet [MostrarProdutos] in context with path [/trabalhoFinal] threw exception [Unable to compile class for JSP: 

An error occurred at line: [27] in the jsp file: [/views/public/listaProdutos.jsp]
allProdutos cannot be resolved to a variable
24:             <h1>Lista de Produtos</h1>
25: 
26:             <div class="row">
27:                 <% for (Produtos produto : allProdutos) { %>
28:                     <div class="col-sm-4 mb-4">
29:                         <div class="card">
30:                             <div class="card-body">


Stacktrace:] with root cause
	org.apache.jasper.JasperException: Unable to compile class for JSP: 

An error occurred at line: [27] in the jsp file: [/views/public/listaProdutos.jsp]
allProdutos cannot be resolved to a variable
24:             <h1>Lista de Produtos</h1>
25: 
26:             <div class="row">
27:                 <% for (Produtos produto : allProdutos) { %>
28:                     <div class="col-sm-4 mb-4">
29:                         <div class="card">
30:                             <div class="card-body">


Stacktrace:
		at org.apache.jasper.compiler.DefaultErrorHandler.javacError(DefaultErrorHandler.java:102)
		at org.apache.jasper.compiler.ErrorDispatcher.javacError(ErrorDispatcher.java:214)
		at org.apache.jasper.compiler.JDTCompiler.generateClass(JDTCompiler.java:611)
		at org.apache.jasper.compiler.Compiler.compile(Compiler.java:381)
		at org.apache.jasper.compiler.Compiler.compile(Compiler.java:351)
		at org.apache.jasper.compiler.Compiler.compile(Compiler.java:335)
		at org.apache.jasper.JspCompilationContext.compile(JspCompilationContext.java:597)
		at org.apache.jasper.servlet.JspServletWrapper.service(JspServletWrapper.java:398)
		at org.apache.jasper.servlet.JspServlet.serviceJspFile(JspServlet.java:383)
		at org.apache.jasper.servlet.JspServlet.service(JspServlet.java:331)
		at javax.servlet.http.HttpServlet.service(HttpServlet.java:583)
		at org.apache.catalina.core.ApplicationFilterChain.internalDoFilter(ApplicationFilterChain.java:212)
		at org.apache.catalina.core.ApplicationFilterChain.doFilter(ApplicationFilterChain.java:156)
		at org.apache.tomcat.websocket.server.WsFilter.doFilter(WsFilter.java:51)
		at org.apache.catalina.core.ApplicationFilterChain.internalDoFilter(ApplicationFilterChain.java:181)
		at org.apache.catalina.core.ApplicationFilterChain.doFilter(ApplicationFilterChain.java:156)
		at org.apache.catalina.core.ApplicationDispatcher.invoke(ApplicationDispatcher.java:662)
		at org.apache.catalina.core.ApplicationDispatcher.processRequest(ApplicationDispatcher.java:428)
		at org.apache.catalina.core.ApplicationDispatcher.doForward(ApplicationDispatcher.java:360)
		at org.apache.catalina.core.ApplicationDispatcher.forward(ApplicationDispatcher.java:297)
		at controller.MostrarProdutos.doGet(MostrarProdutos.java:25)
		at javax.servlet.http.HttpServlet.service(HttpServlet.java:489)
		at javax.servlet.http.HttpServlet.service(HttpServlet.java:583)
		at org.apache.catalina.core.ApplicationFilterChain.internalDoFilter(ApplicationFilterChain.java:212)
		at org.apache.catalina.core.ApplicationFilterChain.doFilter(ApplicationFilterChain.java:156)
		at org.apache.tomcat.websocket.server.WsFilter.doFilter(WsFilter.java:51)
		at org.apache.catalina.core.ApplicationFilterChain.internalDoFilter(ApplicationFilterChain.java:181)
		at org.apache.catalina.core.ApplicationFilterChain.doFilter(ApplicationFilterChain.java:156)
		at org.apache.catalina.core.StandardWrapperValve.invoke(StandardWrapperValve.java:168)
		at org.apache.catalina.core.StandardContextValve.invoke(StandardContextValve.java:90)
		at org.apache.catalina.authenticator.AuthenticatorBase.invoke(AuthenticatorBase.java:483)
		at org.apache.catalina.core.StandardHostValve.invoke(StandardHostValve.java:130)
		at org.apache.catalina.valves.ErrorReportValve.invoke(ErrorReportValve.java:93)
		at org.apache.catalina.valves.AbstractAccessLogValve.invoke(AbstractAccessLogValve.java:679)
		at org.apache.catalina.core.StandardEngineValve.invoke(StandardEngineValve.java:74)
		at org.apache.catalina.connector.CoyoteAdapter.service(CoyoteAdapter.java:346)
		at org.apache.coyote.http11.Http11Processor.service(Http11Processor.java:617)
		at org.apache.coyote.AbstractProcessorLight.process(AbstractProcessorLight.java:63)
		at org.apache.coyote.AbstractProtocol$ConnectionHandler.process(AbstractProtocol.java:934)
		at org.apache.tomcat.util.net.NioEndpoint$SocketProcessor.doRun(NioEndpoint.java:1690)
		at org.apache.tomcat.util.net.SocketProcessorBase.run(SocketProcessorBase.java:52)
		at org.apache.tomcat.util.threads.ThreadPoolExecutor.runWorker(ThreadPoolExecutor.java:1191)
		at org.apache.tomcat.util.threads.ThreadPoolExecutor$Worker.run(ThreadPoolExecutor.java:659)
		at org.apache.tomcat.util.threads.TaskThread$WrappingRunnable.run(TaskThread.java:63)
		at java.base/java.lang.Thread.run(Thread.java:840)
24-Jun-2024 03:08:24.627 GRAVE [http-nio-8080-exec-148] org.apache.catalina.core.StandardWrapperValve.invoke Servlet.service() for servlet [AutenticaController] in context with path [/trabalhoFinal] threw exception
	java.lang.RuntimeException: Falha na query para Logar
		at controller.AutenticaController.doPost(AutenticaController.java:53)
		at javax.servlet.http.HttpServlet.service(HttpServlet.java:515)
		at javax.servlet.http.HttpServlet.service(HttpServlet.java:583)
		at org.apache.catalina.core.ApplicationFilterChain.internalDoFilter(ApplicationFilterChain.java:212)
		at org.apache.catalina.core.ApplicationFilterChain.doFilter(ApplicationFilterChain.java:156)
		at org.apache.tomcat.websocket.server.WsFilter.doFilter(WsFilter.java:51)
		at org.apache.catalina.core.ApplicationFilterChain.internalDoFilter(ApplicationFilterChain.java:181)
		at org.apache.catalina.core.ApplicationFilterChain.doFilter(ApplicationFilterChain.java:156)
		at org.apache.catalina.core.StandardWrapperValve.invoke(StandardWrapperValve.java:168)
		at org.apache.catalina.core.StandardContextValve.invoke(StandardContextValve.java:90)
		at org.apache.catalina.authenticator.AuthenticatorBase.invoke(AuthenticatorBase.java:483)
		at org.apache.catalina.core.StandardHostValve.invoke(StandardHostValve.java:130)
		at org.apache.catalina.valves.ErrorReportValve.invoke(ErrorReportValve.java:93)
		at org.apache.catalina.valves.AbstractAccessLogValve.invoke(AbstractAccessLogValve.java:679)
		at org.apache.catalina.core.StandardEngineValve.invoke(StandardEngineValve.java:74)
		at org.apache.catalina.connector.CoyoteAdapter.service(CoyoteAdapter.java:346)
		at org.apache.coyote.http11.Http11Processor.service(Http11Processor.java:617)
		at org.apache.coyote.AbstractProcessorLight.process(AbstractProcessorLight.java:63)
		at org.apache.coyote.AbstractProtocol$ConnectionHandler.process(AbstractProtocol.java:934)
		at org.apache.tomcat.util.net.NioEndpoint$SocketProcessor.doRun(NioEndpoint.java:1690)
		at org.apache.tomcat.util.net.SocketProcessorBase.run(SocketProcessorBase.java:52)
		at org.apache.tomcat.util.threads.ThreadPoolExecutor.runWorker(ThreadPoolExecutor.java:1191)
		at org.apache.tomcat.util.threads.ThreadPoolExecutor$Worker.run(ThreadPoolExecutor.java:659)
		at org.apache.tomcat.util.threads.TaskThread$WrappingRunnable.run(TaskThread.java:63)
		at java.base/java.lang.Thread.run(Thread.java:840)
24-Jun-2024 03:09:03.525 GRAVE [http-nio-8080-exec-149] org.apache.catalina.core.StandardWrapperValve.invoke Servlet.service() for servlet [AutenticaController] in context with path [/trabalhoFinal] threw exception
	java.lang.RuntimeException: Falha na query para Logar
		at controller.AutenticaController.doPost(AutenticaController.java:53)
		at javax.servlet.http.HttpServlet.service(HttpServlet.java:515)
		at javax.servlet.http.HttpServlet.service(HttpServlet.java:583)
		at org.apache.catalina.core.ApplicationFilterChain.internalDoFilter(ApplicationFilterChain.java:212)
		at org.apache.catalina.core.ApplicationFilterChain.doFilter(ApplicationFilterChain.java:156)
		at org.apache.tomcat.websocket.server.WsFilter.doFilter(WsFilter.java:51)
		at org.apache.catalina.core.ApplicationFilterChain.internalDoFilter(ApplicationFilterChain.java:181)
		at org.apache.catalina.core.ApplicationFilterChain.doFilter(ApplicationFilterChain.java:156)
		at org.apache.catalina.core.StandardWrapperValve.invoke(StandardWrapperValve.java:168)
		at org.apache.catalina.core.StandardContextValve.invoke(StandardContextValve.java:90)
		at org.apache.catalina.authenticator.AuthenticatorBase.invoke(AuthenticatorBase.java:483)
		at org.apache.catalina.core.StandardHostValve.invoke(StandardHostValve.java:130)
		at org.apache.catalina.valves.ErrorReportValve.invoke(ErrorReportValve.java:93)
		at org.apache.catalina.valves.AbstractAccessLogValve.invoke(AbstractAccessLogValve.java:679)
		at org.apache.catalina.core.StandardEngineValve.invoke(StandardEngineValve.java:74)
		at org.apache.catalina.connector.CoyoteAdapter.service(CoyoteAdapter.java:346)
		at org.apache.coyote.http11.Http11Processor.service(Http11Processor.java:617)
		at org.apache.coyote.AbstractProcessorLight.process(AbstractProcessorLight.java:63)
		at org.apache.coyote.AbstractProtocol$ConnectionHandler.process(AbstractProtocol.java:934)
		at org.apache.tomcat.util.net.NioEndpoint$SocketProcessor.doRun(NioEndpoint.java:1690)
		at org.apache.tomcat.util.net.SocketProcessorBase.run(SocketProcessorBase.java:52)
		at org.apache.tomcat.util.threads.ThreadPoolExecutor.runWorker(ThreadPoolExecutor.java:1191)
		at org.apache.tomcat.util.threads.ThreadPoolExecutor$Worker.run(ThreadPoolExecutor.java:659)
		at org.apache.tomcat.util.threads.TaskThread$WrappingRunnable.run(TaskThread.java:63)
		at java.base/java.lang.Thread.run(Thread.java:840)
24-Jun-2024 03:15:51.516 GRAVE [http-nio-8080-exec-152] org.apache.catalina.core.StandardWrapperValve.invoke Servlet.service() for servlet [AutenticaController] in context with path [/trabalhoFinal] threw exception
	java.lang.RuntimeException: Falha na query para Logar
		at controller.AutenticaController.doPost(AutenticaController.java:53)
		at javax.servlet.http.HttpServlet.service(HttpServlet.java:515)
		at javax.servlet.http.HttpServlet.service(HttpServlet.java:583)
		at org.apache.catalina.core.ApplicationFilterChain.internalDoFilter(ApplicationFilterChain.java:212)
		at org.apache.catalina.core.ApplicationFilterChain.doFilter(ApplicationFilterChain.java:156)
		at org.apache.tomcat.websocket.server.WsFilter.doFilter(WsFilter.java:51)
		at org.apache.catalina.core.ApplicationFilterChain.internalDoFilter(ApplicationFilterChain.java:181)
		at org.apache.catalina.core.ApplicationFilterChain.doFilter(ApplicationFilterChain.java:156)
		at org.apache.catalina.core.StandardWrapperValve.invoke(StandardWrapperValve.java:168)
		at org.apache.catalina.core.StandardContextValve.invoke(StandardContextValve.java:90)
		at org.apache.catalina.authenticator.AuthenticatorBase.invoke(AuthenticatorBase.java:483)
		at org.apache.catalina.core.StandardHostValve.invoke(StandardHostValve.java:130)
		at org.apache.catalina.valves.ErrorReportValve.invoke(ErrorReportValve.java:93)
		at org.apache.catalina.valves.AbstractAccessLogValve.invoke(AbstractAccessLogValve.java:679)
		at org.apache.catalina.core.StandardEngineValve.invoke(StandardEngineValve.java:74)
		at org.apache.catalina.connector.CoyoteAdapter.service(CoyoteAdapter.java:346)
		at org.apache.coyote.http11.Http11Processor.service(Http11Processor.java:617)
		at org.apache.coyote.AbstractProcessorLight.process(AbstractProcessorLight.java:63)
		at org.apache.coyote.AbstractProtocol$ConnectionHandler.process(AbstractProtocol.java:934)
		at org.apache.tomcat.util.net.NioEndpoint$SocketProcessor.doRun(NioEndpoint.java:1690)
		at org.apache.tomcat.util.net.SocketProcessorBase.run(SocketProcessorBase.java:52)
		at org.apache.tomcat.util.threads.ThreadPoolExecutor.runWorker(ThreadPoolExecutor.java:1191)
		at org.apache.tomcat.util.threads.ThreadPoolExecutor$Worker.run(ThreadPoolExecutor.java:659)
		at org.apache.tomcat.util.threads.TaskThread$WrappingRunnable.run(TaskThread.java:63)
		at java.base/java.lang.Thread.run(Thread.java:840)
24-Jun-2024 03:32:30.499 GRAVE [http-nio-8080-exec-188] org.apache.catalina.core.StandardWrapperValve.invoke Servlet.service() for servlet [AutenticaController] in context with path [/trabalhoFinal] threw exception
	java.lang.RuntimeException: Falha na query para Logar
		at controller.AutenticaController.doPost(AutenticaController.java:62)
		at javax.servlet.http.HttpServlet.service(HttpServlet.java:515)
		at javax.servlet.http.HttpServlet.service(HttpServlet.java:583)
		at org.apache.catalina.core.ApplicationFilterChain.internalDoFilter(ApplicationFilterChain.java:212)
		at org.apache.catalina.core.ApplicationFilterChain.doFilter(ApplicationFilterChain.java:156)
		at org.apache.tomcat.websocket.server.WsFilter.doFilter(WsFilter.java:51)
		at org.apache.catalina.core.ApplicationFilterChain.internalDoFilter(ApplicationFilterChain.java:181)
		at org.apache.catalina.core.ApplicationFilterChain.doFilter(ApplicationFilterChain.java:156)
		at org.apache.catalina.core.StandardWrapperValve.invoke(StandardWrapperValve.java:168)
		at org.apache.catalina.core.StandardContextValve.invoke(StandardContextValve.java:90)
		at org.apache.catalina.authenticator.AuthenticatorBase.invoke(AuthenticatorBase.java:483)
		at org.apache.catalina.core.StandardHostValve.invoke(StandardHostValve.java:130)
		at org.apache.catalina.valves.ErrorReportValve.invoke(ErrorReportValve.java:93)
		at org.apache.catalina.valves.AbstractAccessLogValve.invoke(AbstractAccessLogValve.java:679)
		at org.apache.catalina.core.StandardEngineValve.invoke(StandardEngineValve.java:74)
		at org.apache.catalina.connector.CoyoteAdapter.service(CoyoteAdapter.java:346)
		at org.apache.coyote.http11.Http11Processor.service(Http11Processor.java:617)
		at org.apache.coyote.AbstractProcessorLight.process(AbstractProcessorLight.java:63)
		at org.apache.coyote.AbstractProtocol$ConnectionHandler.process(AbstractProtocol.java:934)
		at org.apache.tomcat.util.net.NioEndpoint$SocketProcessor.doRun(NioEndpoint.java:1690)
		at org.apache.tomcat.util.net.SocketProcessorBase.run(SocketProcessorBase.java:52)
		at org.apache.tomcat.util.threads.ThreadPoolExecutor.runWorker(ThreadPoolExecutor.java:1191)
		at org.apache.tomcat.util.threads.ThreadPoolExecutor$Worker.run(ThreadPoolExecutor.java:659)
		at org.apache.tomcat.util.threads.TaskThread$WrappingRunnable.run(TaskThread.java:63)
		at java.base/java.lang.Thread.run(Thread.java:840)
24-Jun-2024 03:34:19.628 GRAVE [http-nio-8080-exec-194] org.apache.catalina.core.StandardWrapperValve.invoke Servlet.service() for servlet [AutenticaController] in context with path [/trabalhoFinal] threw exception
	java.lang.RuntimeException: Falha na query para Logar
		at controller.AutenticaController.doPost(AutenticaController.java:62)
		at javax.servlet.http.HttpServlet.service(HttpServlet.java:515)
		at javax.servlet.http.HttpServlet.service(HttpServlet.java:583)
		at org.apache.catalina.core.ApplicationFilterChain.internalDoFilter(ApplicationFilterChain.java:212)
		at org.apache.catalina.core.ApplicationFilterChain.doFilter(ApplicationFilterChain.java:156)
		at org.apache.tomcat.websocket.server.WsFilter.doFilter(WsFilter.java:51)
		at org.apache.catalina.core.ApplicationFilterChain.internalDoFilter(ApplicationFilterChain.java:181)
		at org.apache.catalina.core.ApplicationFilterChain.doFilter(ApplicationFilterChain.java:156)
		at org.apache.catalina.core.StandardWrapperValve.invoke(StandardWrapperValve.java:168)
		at org.apache.catalina.core.StandardContextValve.invoke(StandardContextValve.java:90)
		at org.apache.catalina.authenticator.AuthenticatorBase.invoke(AuthenticatorBase.java:483)
		at org.apache.catalina.core.StandardHostValve.invoke(StandardHostValve.java:130)
		at org.apache.catalina.valves.ErrorReportValve.invoke(ErrorReportValve.java:93)
		at org.apache.catalina.valves.AbstractAccessLogValve.invoke(AbstractAccessLogValve.java:679)
		at org.apache.catalina.core.StandardEngineValve.invoke(StandardEngineValve.java:74)
		at org.apache.catalina.connector.CoyoteAdapter.service(CoyoteAdapter.java:346)
		at org.apache.coyote.http11.Http11Processor.service(Http11Processor.java:617)
		at org.apache.coyote.AbstractProcessorLight.process(AbstractProcessorLight.java:63)
		at org.apache.coyote.AbstractProtocol$ConnectionHandler.process(AbstractProtocol.java:934)
		at org.apache.tomcat.util.net.NioEndpoint$SocketProcessor.doRun(NioEndpoint.java:1690)
		at org.apache.tomcat.util.net.SocketProcessorBase.run(SocketProcessorBase.java:52)
		at org.apache.tomcat.util.threads.ThreadPoolExecutor.runWorker(ThreadPoolExecutor.java:1191)
		at org.apache.tomcat.util.threads.ThreadPoolExecutor$Worker.run(ThreadPoolExecutor.java:659)
		at org.apache.tomcat.util.threads.TaskThread$WrappingRunnable.run(TaskThread.java:63)
		at java.base/java.lang.Thread.run(Thread.java:840)
24-Jun-2024 03:35:23.655 INFORMAÇÕES [localhost-startStop-2] org.apache.catalina.core.ApplicationContext.log SessionListener: contextDestroyed()
24-Jun-2024 03:35:23.656 INFORMAÇÕES [localhost-startStop-2] org.apache.catalina.core.ApplicationContext.log ContextListener: contextDestroyed()
